#
# A fatal error has been detected by the Java Runtime Environment:
#
#  EXCEPTION_ACCESS_VIOLATION (0xc0000005) at pc=0x00007ffa6b38e0a9, pid=6980, tid=9336
#
# JRE version: OpenJDK Runtime Environment Microsoft-8035246 (17.0.8+7) (build 17.0.8+7-LTS)
# Java VM: OpenJDK 64-Bit Server VM Microsoft-8035246 (17.0.8+7-LTS, mixed mode, sharing, tiered, compressed oops, compressed class ptrs, g1 gc, windows-amd64)
# Problematic frame:
# V  [jvm.dll+0x2be0a9]
#
# No core dump will be written. Minidumps are not enabled by default on client versions of Windows
#
# If you would like to submit a bug report, please visit:
#   https://github.com/microsoft/openjdk/issues
#

---------------  S U M M A R Y ------------

Command Line: -XX:MaxMetaspaceSize=512m --add-opens=java.base/java.util=ALL-UNNAMED --add-opens=java.base/java.lang=ALL-UNNAMED --add-opens=java.base/java.lang.invoke=ALL-UNNAMED --add-opens=java.prefs/java.util.prefs=ALL-UNNAMED --add-opens=java.base/java.nio.charset=ALL-UNNAMED --add-opens=java.base/java.net=ALL-UNNAMED --add-opens=java.base/java.util.concurrent.atomic=ALL-UNNAMED -Xmx2048m -Dfile.encoding=windows-1251 -Duser.country=US -Duser.language=en -Duser.variant -javaagent:C:\Users\Admin\.gradle\wrapper\dists\gradle-8.3-all\6en3ugtfdg5xnpx44z4qbwgas\gradle-8.3\lib\agents\gradle-instrumentation-agent-8.3.jar org.gradle.launcher.daemon.bootstrap.GradleDaemon 8.3

Host: Intel(R) Core(TM) i5-8365U CPU @ 1.60GHz, 8 cores, 7G,  Windows 10 , 64 bit Build 19041 (10.0.19041.3636)
Time: Mon Jan  8 14:09:00 2024 FLE Standard Time elapsed time: 2502.430178 seconds (0d 0h 41m 42s)

---------------  T H R E A D  ---------------

Current thread (0x000002037170d200):  JavaThread "C2 CompilerThread1" daemon [_thread_in_native, id=9336, stack(0x0000007a49200000,0x0000007a49300000)]


Current CompileTask:
C2:2502430 17490   !   4       java.util.concurrent.FutureTask::run (123 bytes)

Stack: [0x0000007a49200000,0x0000007a49300000],  sp=0x0000007a492fba10,  free space=1006k
Native frames: (J=compiled Java code, j=interpreted, Vv=VM code, C=native code)
V  [jvm.dll+0x2be0a9]
V  [jvm.dll+0x21ba8b]
V  [jvm.dll+0x21944b]
V  [jvm.dll+0x1a56b6]
V  [jvm.dll+0x2291ea]
V  [jvm.dll+0x22724c]
V  [jvm.dll+0x7efd0c]
V  [jvm.dll+0x7ea13a]
V  [jvm.dll+0x67ad85]
C  [ucrtbase.dll+0x21bb2]
C  [KERNEL32.DLL+0x17344]
C  [ntdll.dll+0x526b1]


siginfo: EXCEPTION_ACCESS_VIOLATION (0xc0000005), reading address 0x0000000000000028


Register to memory mapping:

RIP=0x00007ffa6b38e0a9 jvm.dll
RAX=0x000002037d071020 points into unknown readable memory: 0x0000000000000000 | 00 00 00 00 00 00 00 00
RBX=0x000000000000125d is an unknown value
RCX=0x0 is NULL
RDX=0x0 is NULL
RSP=0x0000007a492fba10 is pointing into the stack for thread: 0x000002037170d200
RBP=0x0000007a492fba80 is pointing into the stack for thread: 0x000002037170d200
RSI=0x0 is NULL
RDI=0x000000000000003f is an unknown value
R8 =0x000000000000ffe0 is an unknown value
R9 =0x0 is NULL
R10=0x00007ffa96f80000 VCRUNTIME140.dll
R11=0x000002037d071040 points into unknown readable memory: 0x0000000000000000 | 00 00 00 00 00 00 00 00
R12=0x0000000000000050 is an unknown value
R13=0x0 is NULL
R14=0x0 is NULL
R15=0x0000007a492fec30 is pointing into the stack for thread: 0x000002037170d200


Registers:
RAX=0x000002037d071020, RBX=0x000000000000125d, RCX=0x0000000000000000, RDX=0x0000000000000000
RSP=0x0000007a492fba10, RBP=0x0000007a492fba80, RSI=0x0000000000000000, RDI=0x000000000000003f
R8 =0x000000000000ffe0, R9 =0x0000000000000000, R10=0x00007ffa96f80000, R11=0x000002037d071040
R12=0x0000000000000050, R13=0x0000000000000000, R14=0x0000000000000000, R15=0x0000007a492fec30
RIP=0x00007ffa6b38e0a9, EFLAGS=0x0000000000010202

Top of Stack: (sp=0x0000007a492fba10)
0x0000007a492fba10:   000000000000125d 0000000000000000
0x0000007a492fba20:   0000007a492fec30 00007ffa6b2f38d1
0x0000007a492fba30:   00000203762a3c20 00007ffa00002000
0x0000007a492fba40:   000002037d071020 0000000000000000
0x0000007a492fba50:   0000000000000002 000002037ba2cba0
0x0000007a492fba60:   0000000500000002 00000203762a3c20
0x0000007a492fba70:   0000000000000000 0000000000000000
0x0000007a492fba80:   000002037b89e0c0 0000020352e64d70
0x0000007a492fba90:   000000000000003f 00007ffa6ba14c08
0x0000007a492fbaa0:   0000007a492fbbb0 00007ffa6b2eba8b
0x0000007a492fbab0:   0000007a492fec30 00007ffa6ba14c08
0x0000007a492fbac0:   0000007a492fec30 0000007a492fbbb0
0x0000007a492fbad0:   00000e4600000000 00007ffa6b6341b6
0x0000007a492fbae0:   0000007a0000000f 0000007a492fec30
0x0000007a492fbaf0:   0000007a492fbc60 0000020300000000
0x0000007a492fbb00:   0000000000000100 00007ffa6ba14c08 

Instructions: (pc=0x00007ffa6b38e0a9)
0x00007ffa6b38dfa9:   3b d0 75 0b ff c1 41 3b c9 7c dc 48 8b c2 c3 33
0x00007ffa6b38dfb9:   c0 c3 cc cc cc cc cc 48 89 5c 24 18 55 56 57 41
0x00007ffa6b38dfc9:   55 41 57 48 8b ec 48 83 ec 70 65 48 8b 04 25 58
0x00007ffa6b38dfd9:   00 00 00 48 8b f2 44 8b 05 d2 8b 90 00 4c 8b f9
0x00007ffa6b38dfe9:   4a 8b 1c c0 b8 50 00 00 00 80 3c 18 00 75 05 e8
0x00007ffa6b38dff9:   8b 6f 5d 00 b8 20 00 00 00 48 8b 04 18 48 8b 98
0x00007ffa6b38e009:   38 02 00 00 48 89 5d b0 c7 45 b8 04 00 00 00 48
0x00007ffa6b38e019:   8b 43 18 48 83 f8 df 76 18 4c 8d 05 37 a9 65 00
0x00007ffa6b38e029:   ba 20 00 00 00 48 8b cb e8 5a eb de ff 48 8b 43
0x00007ffa6b38e039:   18 48 8d 48 20 48 3b 4b 20 76 11 45 33 c0 48 8b
0x00007ffa6b38e049:   cb 41 8d 50 20 e8 fd e8 de ff eb 04 48 89 4b 18
0x00007ffa6b38e059:   44 8b 45 b8 33 d2 49 c1 e0 03 48 8b c8 48 89 45
0x00007ffa6b38e069:   c0 e8 e3 80 5d 00 45 33 ed 48 8d 4d d0 44 89 6d
0x00007ffa6b38e079:   c8 e8 01 59 56 00 41 8b 9f 40 02 00 00 41 2b 9f
0x00007ffa6b38e089:   68 02 00 00 44 89 6d f0 3b 5d b8 72 0b 8b d3 48
0x00007ffa6b38e099:   8d 4d b0 e8 6f b3 39 00 48 8b 45 c0 4c 89 2c d8
0x00007ffa6b38e0a9:   8b 7e 28 8b df c1 eb 05 3b 5d d0 72 0b 8b d3 48
0x00007ffa6b38e0b9:   8d 4d d0 e8 1f 59 56 00 48 8b 45 d8 83 e7 1f 48
0x00007ffa6b38e0c9:   8d 14 98 40 0f b6 cf 41 b8 01 00 00 00 41 d3 e0
0x00007ffa6b38e0d9:   8b 0a 8b c1 41 0b c0 89 02 41 85 c8 75 21 8b 5d
0x00007ffa6b38e0e9:   c8 8d 43 01 89 45 c8 3b 5d b8 72 0b 8b d3 48 8d
0x00007ffa6b38e0f9:   4d b0 e8 10 b3 39 00 48 8b 45 c0 48 89 34 d8 44
0x00007ffa6b38e109:   39 6d c8 0f 86 77 01 00 00 4c 89 a4 24 a0 00 00
0x00007ffa6b38e119:   00 4c 89 b4 24 a8 00 00 00 48 8b 45 c0 41 8b cd
0x00007ffa6b38e129:   48 8b 34 c8 8b 46 2c 25 ff 1f 00 00 3d 04 10 00
0x00007ffa6b38e139:   00 0f 85 a7 00 00 00 bb 01 00 00 00 39 5e 18 76
0x00007ffa6b38e149:   39 66 0f 1f 44 00 00 48 8b 46 08 8b cb 48 8b 14
0x00007ffa6b38e159:   c8 48 85 d2 74 1d 48 83 7a 10 00 74 16 80 7a 2c
0x00007ffa6b38e169:   84 74 10 e8 7f 7e ee ff 48 8b d0 49 8b cf e8 a4
0x00007ffa6b38e179:   61 f6 ff ff c3 3b 5e 18 72 cd 48 8b 5e 10 8b 46
0x00007ffa6b38e189:   20 4c 8d 34 c3 49 3b de 73 54 48 8b 3b 8b 47 2c
0x00007ffa6b38e199:   83 e0 03 3c 03 75 2e 48 8b 07 48 8b cf ff 90 88 


Stack slot to memory mapping:
stack at sp + 0 slots: 0x000000000000125d is an unknown value
stack at sp + 1 slots: 0x0 is NULL
stack at sp + 2 slots: 0x0000007a492fec30 is pointing into the stack for thread: 0x000002037170d200
stack at sp + 3 slots: 0x00007ffa6b2f38d1 jvm.dll
stack at sp + 4 slots: 0x00000203762a3c20 points into unknown readable memory: 0x0001562900000006 | 06 00 00 00 29 56 01 00
stack at sp + 5 slots: 0x00007ffa00002000 is an unknown value
stack at sp + 6 slots: 0x000002037d071020 points into unknown readable memory: 0x0000000000000000 | 00 00 00 00 00 00 00 00
stack at sp + 7 slots: 0x0 is NULL


---------------  P R O C E S S  ---------------

Threads class SMR info:
_java_thread_list=0x000002037156efb0, length=92, elements={
0x0000020352e4dc80, 0x00000203712830a0, 0x0000020371283e30, 0x000002037129c310,
0x000002037129eeb0, 0x00000203712a08f0, 0x00000203712a11c0, 0x00000203712a9e80,
0x00000203712cdd50, 0x00000203712cee70, 0x00000203714ecf70, 0x00000203714f0210,
0x00000203714edea0, 0x00000203714ee3b0, 0x00000203714ee8c0, 0x000002037746fc70,
0x000002037746a660, 0x000002037746d3f0, 0x000002037746f760, 0x000002037746f250,
0x000002037746de10, 0x000002037746e830, 0x0000020377470690, 0x0000020377469220,
0x000002037746bfb0, 0x000002037746c4c0, 0x000002037746b080, 0x0000020377ba2ea0,
0x0000020377ba1550, 0x0000020377ba7fa0, 0x0000020377ba89c0, 0x0000020377ba8ed0,
0x000002037cfd30b0, 0x000002037cfd35c0, 0x000002037cfd3fe0, 0x000002037c901c30,
0x000002037c906820, 0x000002037c906d30, 0x000002037c900d00, 0x000002037c901210,
0x000002037c902650, 0x000002037c903580, 0x000002037c902140, 0x000002037c901720,
0x000002037c907240, 0x000002037c902b60, 0x000002037c907750, 0x000002037c903070,
0x000002037c903fa0, 0x000002037170d200, 0x000002037c9058f0, 0x000002037c9044b0,
0x000002037c9049c0, 0x000002037c9002e0, 0x000002037c904ed0, 0x000002037c9053e0,
0x000002037c905e00, 0x000002037c906310, 0x000002037c907c60, 0x000002037a325570,
0x000002037a3269b0, 0x000002037a326ec0, 0x000002037a324b50, 0x000002037a325a80,
0x000002037a3273d0, 0x000002037a3278e0, 0x000002037a328300, 0x000002037a323710,
0x000002037a327df0, 0x000002037a323c20, 0x000002037a322cf0, 0x000002037a324130,
0x000002037a324640, 0x000002037a328810, 0x000002037a329230, 0x000002037a3222d0,
0x000002037a3227e0, 0x000002037a323200, 0x000002037cfd3ad0, 0x000002037cfd0320,
0x000002037cfd6d70, 0x000002037cfd44f0, 0x000002037cfd1250, 0x000002037cfd1c70,
0x000002037cfd4a00, 0x000002037cfd7280, 0x000002037cfd4f10, 0x000002037cfd5420,
0x000002037cfd5930, 0x000002037cfd2180, 0x000002037cfd0830, 0x000002037cfd2690
}

Java Threads: ( => current thread )
  0x0000020352e4dc80 JavaThread "main" [_thread_blocked, id=1584, stack(0x0000007a46200000,0x0000007a46300000)]
  0x00000203712830a0 JavaThread "Reference Handler" daemon [_thread_blocked, id=8384, stack(0x0000007a46900000,0x0000007a46a00000)]
  0x0000020371283e30 JavaThread "Finalizer" daemon [_thread_blocked, id=8316, stack(0x0000007a46a00000,0x0000007a46b00000)]
  0x000002037129c310 JavaThread "Signal Dispatcher" daemon [_thread_blocked, id=9044, stack(0x0000007a46b00000,0x0000007a46c00000)]
  0x000002037129eeb0 JavaThread "Attach Listener" daemon [_thread_blocked, id=8292, stack(0x0000007a46c00000,0x0000007a46d00000)]
  0x00000203712a08f0 JavaThread "Service Thread" daemon [_thread_blocked, id=9004, stack(0x0000007a46d00000,0x0000007a46e00000)]
  0x00000203712a11c0 JavaThread "Monitor Deflation Thread" daemon [_thread_blocked, id=9040, stack(0x0000007a46e00000,0x0000007a46f00000)]
  0x00000203712a9e80 JavaThread "C2 CompilerThread0" daemon [_thread_in_native, id=8984, stack(0x0000007a46f00000,0x0000007a47000000)]
  0x00000203712cdd50 JavaThread "C1 CompilerThread0" daemon [_thread_blocked, id=13088, stack(0x0000007a47000000,0x0000007a47100000)]
  0x00000203712cee70 JavaThread "Sweeper thread" daemon [_thread_in_vm, id=13084, stack(0x0000007a47100000,0x0000007a47200000)]
  0x00000203714ecf70 JavaThread "Common-Cleaner" daemon [_thread_blocked, id=8248, stack(0x0000007a47200000,0x0000007a47300000)]
  0x00000203714f0210 JavaThread "Notification Thread" daemon [_thread_blocked, id=13080, stack(0x0000007a47300000,0x0000007a47400000)]
  0x00000203714edea0 JavaThread "Daemon health stats" [_thread_blocked, id=7008, stack(0x0000007a47b00000,0x0000007a47c00000)]
  0x00000203714ee3b0 JavaThread "Incoming local TCP Connector on port 50160" [_thread_in_native, id=13120, stack(0x0000007a47600000,0x0000007a47700000)]
  0x00000203714ee8c0 JavaThread "Daemon periodic checks" [_thread_blocked, id=10852, stack(0x0000007a47c00000,0x0000007a47d00000)]
  0x000002037746fc70 JavaThread "Cache worker for journal cache (C:\Users\Admin\.gradle\caches\journal-1)" [_thread_blocked, id=10916, stack(0x0000007a47500000,0x0000007a47600000)]
  0x000002037746a660 JavaThread "File lock request listener" [_thread_in_native, id=10016, stack(0x0000007a48400000,0x0000007a48500000)]
  0x000002037746d3f0 JavaThread "Cache worker for file hash cache (C:\Users\Admin\.gradle\caches\8.3\fileHashes)" [_thread_blocked, id=7828, stack(0x0000007a48500000,0x0000007a48600000)]
  0x000002037746f760 JavaThread "File watcher server" daemon [_thread_in_native, id=9960, stack(0x0000007a48a00000,0x0000007a48b00000)]
  0x000002037746f250 JavaThread "File watcher consumer" daemon [_thread_blocked, id=8024, stack(0x0000007a48b00000,0x0000007a48c00000)]
  0x000002037746de10 JavaThread "Cache worker for file content cache (C:\Users\Admin\.gradle\caches\8.3\fileContent)" [_thread_blocked, id=9836, stack(0x0000007a48f00000,0x0000007a49000000)]
  0x000002037746e830 JavaThread "Cache worker for execution history cache (C:\Users\Admin\.gradle\caches\8.3\executionHistory)" [_thread_blocked, id=1340, stack(0x0000007a49100000,0x0000007a49200000)]
  0x0000020377470690 JavaThread "jar transforms" [_thread_blocked, id=10036, stack(0x0000007a49400000,0x0000007a49500000)]
  0x0000020377469220 JavaThread "jar transforms Thread 2" [_thread_blocked, id=3928, stack(0x0000007a49500000,0x0000007a49600000)]
  0x000002037746bfb0 JavaThread "jar transforms Thread 3" [_thread_blocked, id=10588, stack(0x0000007a49600000,0x0000007a49700000)]
  0x000002037746c4c0 JavaThread "jar transforms Thread 4" [_thread_blocked, id=2604, stack(0x0000007a49700000,0x0000007a49800000)]
  0x000002037746b080 JavaThread "Cache worker for kotlin-dsl (C:\Users\Admin\.gradle\caches\8.3\kotlin-dsl)" [_thread_blocked, id=12724, stack(0x0000007a49300000,0x0000007a49400000)]
  0x0000020377ba2ea0 JavaThread "jar transforms Thread 5" [_thread_blocked, id=6908, stack(0x0000007a49800000,0x0000007a49900000)]
  0x0000020377ba1550 JavaThread "jar transforms Thread 6" [_thread_blocked, id=12856, stack(0x0000007a49900000,0x0000007a49a00000)]
  0x0000020377ba7fa0 JavaThread "jar transforms Thread 7" [_thread_blocked, id=8832, stack(0x0000007a49c00000,0x0000007a49d00000)]
  0x0000020377ba89c0 JavaThread "jar transforms Thread 8" [_thread_blocked, id=11452, stack(0x0000007a49d00000,0x0000007a49e00000)]
  0x0000020377ba8ed0 JavaThread "Memory manager" [_thread_blocked, id=716, stack(0x0000007a4a700000,0x0000007a4a800000)]
  0x000002037cfd30b0 JavaThread "Monitor" [_thread_in_native, id=13000, stack(0x0000007a50300000,0x0000007a50400000)]
  0x000002037cfd35c0 JavaThread "JdwpProxyConnection" [_thread_in_native, id=6584, stack(0x0000007a50400000,0x0000007a50500000)]
  0x000002037cfd3fe0 JavaThread "Device List Monitor" [_thread_in_native, id=8584, stack(0x0000007a50500000,0x0000007a50600000)]
  0x000002037c901c30 JavaThread "Daemon Thread 2" [_thread_blocked, id=3728, stack(0x0000007a45f00000,0x0000007a46000000)]
  0x000002037c906820 JavaThread "Handler for socket connection from /127.0.0.1:50160 to /127.0.0.1:51117" [_thread_in_native, id=6152, stack(0x0000007a46000000,0x0000007a46100000)]
  0x000002037c906d30 JavaThread "Cancel handler" [_thread_blocked, id=9496, stack(0x0000007a46100000,0x0000007a46200000)]
  0x000002037c900d00 JavaThread "Daemon worker Thread 2" [_thread_in_Java, id=12252, stack(0x0000007a47d00000,0x0000007a47e00000)]
  0x000002037c901210 JavaThread "Asynchronous log dispatcher for DefaultDaemonConnection: socket connection from /127.0.0.1:50160 to /127.0.0.1:51117" [_thread_blocked, id=5976, stack(0x0000007a47e00000,0x0000007a47f00000)]
  0x000002037c902650 JavaThread "Stdin handler" [_thread_blocked, id=9416, stack(0x0000007a47f00000,0x0000007a48000000)]
  0x000002037c903580 JavaThread "Daemon client event forwarder" [_thread_blocked, id=3188, stack(0x0000007a48000000,0x0000007a48100000)]
  0x000002037c902140 JavaThread "Cache worker for checksums cache (C:\Users\Admin\Desktop\My File\Genius\genius-react-native\Project\CRNP\android\.gradle\8.3\checksums)" [_thread_blocked, id=5596, stack(0x0000007a48100000,0x0000007a48200000)]
  0x000002037c901720 JavaThread "Cache worker for file hash cache (C:\Users\Admin\Desktop\My File\Genius\genius-react-native\Project\CRNP\android\.gradle\8.3\fileHashes)" [_thread_blocked, id=5012, stack(0x0000007a48200000,0x0000007a48300000)]
  0x000002037c907240 JavaThread "Cache worker for cache directory md-supplier (C:\Users\Admin\.gradle\caches\8.3\md-supplier)" [_thread_blocked, id=9228, stack(0x0000007a48300000,0x0000007a48400000)]
  0x000002037c902b60 JavaThread "Cache worker for cache directory md-rule (C:\Users\Admin\.gradle\caches\8.3\md-rule)" [_thread_blocked, id=2568, stack(0x0000007a48900000,0x0000007a48a00000)]
  0x000002037c907750 JavaThread "Unconstrained build operations" [_thread_blocked, id=3784, stack(0x0000007a48c00000,0x0000007a48d00000)]
  0x000002037c903070 JavaThread "Unconstrained build operations Thread 2" [_thread_blocked, id=9320, stack(0x0000007a48d00000,0x0000007a48e00000)]
  0x000002037c903fa0 JavaThread "Cache worker for dependencies-accessors (C:\Users\Admin\Desktop\My File\Genius\genius-react-native\Project\CRNP\android\.gradle\8.3\dependencies-accessors)" [_thread_blocked, id=9344, stack(0x0000007a48e00000,0x0000007a48f00000)]
=>0x000002037170d200 JavaThread "C2 CompilerThread1" daemon [_thread_in_native, id=9336, stack(0x0000007a49200000,0x0000007a49300000)]
  0x000002037c9058f0 JavaThread "Cache worker for Build Output Cleanup Cache (C:\Users\Admin\Desktop\My File\Genius\genius-react-native\Project\CRNP\node_modules\@react-native\gradle-plugin\.gradle\buildOutputCleanup)" [_thread_blocked, id=12264, stack(0x0000007a49a00000,0x0000007a49b00000)]
  0x000002037c9044b0 JavaThread "Unconstrained build operations Thread 3" [_thread_blocked, id=4744, stack(0x0000007a49b00000,0x0000007a49c00000)]
  0x000002037c9049c0 JavaThread "Unconstrained build operations Thread 4" [_thread_blocked, id=9300, stack(0x0000007a49e00000,0x0000007a49f00000)]
  0x000002037c9002e0 JavaThread "Unconstrained build operations Thread 5" [_thread_blocked, id=4708, stack(0x0000007a49f00000,0x0000007a4a000000)]
  0x000002037c904ed0 JavaThread "Unconstrained build operations Thread 6" [_thread_blocked, id=11252, stack(0x0000007a4a000000,0x0000007a4a100000)]
  0x000002037c9053e0 JavaThread "Unconstrained build operations Thread 7" [_thread_blocked, id=2936, stack(0x0000007a4a100000,0x0000007a4a200000)]
  0x000002037c905e00 JavaThread "Unconstrained build operations Thread 8" [_thread_blocked, id=8260, stack(0x0000007a4a200000,0x0000007a4a300000)]
  0x000002037c906310 JavaThread "Unconstrained build operations Thread 9" [_thread_blocked, id=12120, stack(0x0000007a4a300000,0x0000007a4a400000)]
  0x000002037c907c60 JavaThread "Cache worker for Build Output Cleanup Cache (C:\Users\Admin\Desktop\My File\Genius\genius-react-native\Project\CRNP\android\.gradle\buildOutputCleanup)" [_thread_blocked, id=720, stack(0x0000007a4a400000,0x0000007a4a500000)]
  0x000002037a325570 JavaThread "ForkJoinPool.commonPool-worker-8" daemon [_thread_blocked, id=6384, stack(0x0000007a4a500000,0x0000007a4a600000)]
  0x000002037a3269b0 JavaThread "ForkJoinPool.commonPool-worker-9" daemon [_thread_blocked, id=2912, stack(0x0000007a4a600000,0x0000007a4a700000)]
  0x000002037a326ec0 JavaThread "ForkJoinPool.commonPool-worker-10" daemon [_thread_blocked, id=8720, stack(0x0000007a4a800000,0x0000007a4a900000)]
  0x000002037a324b50 JavaThread "ForkJoinPool.commonPool-worker-11" daemon [_thread_blocked, id=8620, stack(0x0000007a4a900000,0x0000007a4aa00000)]
  0x000002037a325a80 JavaThread "ForkJoinPool.commonPool-worker-12" daemon [_thread_blocked, id=10496, stack(0x0000007a4aa00000,0x0000007a4ab00000)]
  0x000002037a3273d0 JavaThread "ForkJoinPool.commonPool-worker-14" daemon [_thread_blocked, id=6328, stack(0x0000007a4ab00000,0x0000007a4ac00000)]
  0x000002037a3278e0 JavaThread "ForkJoinPool.commonPool-worker-13" daemon [_thread_blocked, id=11820, stack(0x0000007a4ac00000,0x0000007a4ad00000)]
  0x000002037a328300 JavaThread "included builds" [_thread_blocked, id=4784, stack(0x0000007a4ad00000,0x0000007a4ae00000)]
  0x000002037a323710 JavaThread "Execution worker" [_thread_blocked, id=11244, stack(0x0000007a4ae00000,0x0000007a4af00000)]
  0x000002037a327df0 JavaThread "Execution worker Thread 2" [_thread_blocked, id=11956, stack(0x0000007a4af00000,0x0000007a4b000000)]
  0x000002037a323c20 JavaThread "Execution worker Thread 3" [_thread_blocked, id=3344, stack(0x0000007a4b000000,0x0000007a4b100000)]
  0x000002037a322cf0 JavaThread "Execution worker Thread 4" [_thread_blocked, id=6336, stack(0x0000007a4b100000,0x0000007a4b200000)]
  0x000002037a324130 JavaThread "Execution worker Thread 5" [_thread_blocked, id=3092, stack(0x0000007a4b200000,0x0000007a4b300000)]
  0x000002037a324640 JavaThread "Execution worker Thread 6" [_thread_blocked, id=10884, stack(0x0000007a4b300000,0x0000007a4b400000)]
  0x000002037a328810 JavaThread "Execution worker Thread 7" [_thread_blocked, id=7572, stack(0x0000007a4b400000,0x0000007a4b500000)]
  0x000002037a329230 JavaThread "Cache worker for execution history cache (C:\Users\Admin\Desktop\My File\Genius\genius-react-native\Project\CRNP\node_modules\@react-native\gradle-plugin\.gradle\8.3\executionHistory)" [_thread_blocked, id=2944, stack(0x0000007a4b500000,0x0000007a4b600000)]
  0x000002037a3222d0 JavaThread "Unconstrained build operations Thread 10" [_thread_blocked, id=10424, stack(0x0000007a4b600000,0x0000007a4b700000)]
  0x000002037a3227e0 JavaThread "Unconstrained build operations Thread 11" [_thread_blocked, id=10940, stack(0x0000007a4b700000,0x0000007a4b800000)]
  0x000002037a323200 JavaThread "Unconstrained build operations Thread 12" [_thread_blocked, id=3276, stack(0x0000007a4b800000,0x0000007a4b900000)]
  0x000002037cfd3ad0 JavaThread "Unconstrained build operations Thread 13" [_thread_blocked, id=9812, stack(0x0000007a4b900000,0x0000007a4ba00000)]
  0x000002037cfd0320 JavaThread "Unconstrained build operations Thread 14" [_thread_blocked, id=1608, stack(0x0000007a4ba00000,0x0000007a4bb00000)]
  0x000002037cfd6d70 JavaThread "Unconstrained build operations Thread 15" [_thread_blocked, id=10592, stack(0x0000007a4bb00000,0x0000007a4bc00000)]
  0x000002037cfd44f0 JavaThread "Unconstrained build operations Thread 16" [_thread_blocked, id=8332, stack(0x0000007a4bc00000,0x0000007a4bd00000)]
  0x000002037cfd1250 JavaThread "Unconstrained build operations Thread 17" [_thread_blocked, id=3124, stack(0x0000007a4bd00000,0x0000007a4be00000)]
  0x000002037cfd1c70 JavaThread "Unconstrained build operations Thread 18" [_thread_blocked, id=6528, stack(0x0000007a4be00000,0x0000007a4bf00000)]
  0x000002037cfd4a00 JavaThread "Unconstrained build operations Thread 19" [_thread_blocked, id=8712, stack(0x0000007a4bf00000,0x0000007a4c000000)]
  0x000002037cfd7280 JavaThread "Unconstrained build operations Thread 20" [_thread_blocked, id=3316, stack(0x0000007a4c000000,0x0000007a4c100000)]
  0x000002037cfd4f10 JavaThread "Unconstrained build operations Thread 21" [_thread_blocked, id=3136, stack(0x0000007a4c100000,0x0000007a4c200000)]
  0x000002037cfd5420 JavaThread "Unconstrained build operations Thread 22" [_thread_blocked, id=11240, stack(0x0000007a4c200000,0x0000007a4c300000)]
  0x000002037cfd5930 JavaThread "Unconstrained build operations Thread 23" [_thread_blocked, id=13304, stack(0x0000007a4c300000,0x0000007a4c400000)]
  0x000002037cfd2180 JavaThread "Unconstrained build operations Thread 24" [_thread_blocked, id=2808, stack(0x0000007a4c400000,0x0000007a4c500000)]
  0x000002037cfd0830 JavaThread "Unconstrained build operations Thread 25" [_thread_blocked, id=10900, stack(0x0000007a4c500000,0x0000007a4c600000)]
  0x000002037cfd2690 JavaThread "Unconstrained build operations Thread 26" [_thread_blocked, id=4484, stack(0x0000007a4c600000,0x0000007a4c700000)]

Other Threads:
  0x000002037127c880 VMThread "VM Thread" [stack: 0x0000007a46800000,0x0000007a46900000] [id=8376]
  0x00000203715e75a0 WatcherThread [stack: 0x0000007a47400000,0x0000007a47500000] [id=9268]
  0x0000020352ea9d90 GCTaskThread "GC Thread#0" [stack: 0x0000007a46300000,0x0000007a46400000] [id=5448]
  0x0000020376a1f880 GCTaskThread "GC Thread#1" [stack: 0x0000007a47700000,0x0000007a47800000] [id=11944]
  0x0000020376931d90 GCTaskThread "GC Thread#2" [stack: 0x0000007a47800000,0x0000007a47900000] [id=11948]
  0x00000203762560c0 GCTaskThread "GC Thread#3" [stack: 0x0000007a47900000,0x0000007a47a00000] [id=10792]
  0x0000020376288480 GCTaskThread "GC Thread#4" [stack: 0x0000007a47a00000,0x0000007a47b00000] [id=9640]
  0x00000203784b6990 GCTaskThread "GC Thread#5" [stack: 0x0000007a48600000,0x0000007a48700000] [id=8944]
  0x00000203774b9870 GCTaskThread "GC Thread#6" [stack: 0x0000007a48700000,0x0000007a48800000] [id=12600]
  0x00000203783de810 GCTaskThread "GC Thread#7" [stack: 0x0000007a48800000,0x0000007a48900000] [id=13056]
  0x0000020352ebbc00 ConcurrentGCThread "G1 Main Marker" [stack: 0x0000007a46400000,0x0000007a46500000] [id=7648]
  0x0000020352ebc520 ConcurrentGCThread "G1 Conc#0" [stack: 0x0000007a46500000,0x0000007a46600000] [id=7280]
  0x00000203762f0440 ConcurrentGCThread "G1 Conc#1" [stack: 0x0000007a49000000,0x0000007a49100000] [id=9656]
  0x0000020352f0da80 ConcurrentGCThread "G1 Refine#0" [stack: 0x0000007a46600000,0x0000007a46700000] [id=12376]
  0x0000020352f0e3c0 ConcurrentGCThread "G1 Service" [stack: 0x0000007a46700000,0x0000007a46800000] [id=10368]

Threads with active compile tasks:
C2 CompilerThread0  2502478 17552   !   4       org.gradle.internal.instantiation.generator.DependencyInjectingInstantiator::doCreate (64 bytes)
C2 CompilerThread1  2502478 17490   !   4       java.util.concurrent.FutureTask::run (123 bytes)

VM state: not at safepoint (normal execution)

VM Mutex/Monitor currently owned by a thread: None

Heap address: 0x0000000080000000, size: 2048 MB, Compressed Oops mode: 32-bit

CDS archive(s) mapped at: [0x0000020300000000-0x0000020300bd0000-0x0000020300bd0000), size 12386304, SharedBaseAddress: 0x0000020300000000, ArchiveRelocationMode: 1.
Compressed class space mapped at: 0x0000020301000000-0x000002031b000000, reserved size: 436207616
Narrow klass base: 0x0000020300000000, Narrow klass shift: 0, Narrow klass range: 0x100000000

GC Precious Log:
 CPUs: 8 total, 8 available
 Memory: 7966M
 Large Page Support: Disabled
 NUMA Support: Disabled
 Compressed Oops: Enabled (32-bit)
 Heap Region Size: 1M
 Heap Min Capacity: 8M
 Heap Initial Capacity: 126M
 Heap Max Capacity: 2G
 Pre-touch: Disabled
 Parallel Workers: 8
 Concurrent Workers: 2
 Concurrent Refinement Workers: 8
 Periodic GC: Disabled

Heap:
 garbage-first heap   total 273408K, used 214292K [0x0000000080000000, 0x0000000100000000)
  region size 1024K, 37 young (37888K), 6 survivors (6144K)
 Metaspace       used 103143K, committed 104320K, reserved 557056K
  class space    used 14266K, committed 14848K, reserved 425984K

Heap Regions: E=young(eden), S=young(survivor), O=old, HS=humongous(starts), HC=humongous(continues), CS=collection set, F=free, OA=open archive, CA=closed archive, TAMS=top-at-mark-start (previous, next)
|   0|0x0000000080000000, 0x0000000080100000, 0x0000000080100000|100%|HS|  |TAMS 0x0000000080100000, 0x0000000080000000| Complete 
|   1|0x0000000080100000, 0x0000000080200000, 0x0000000080200000|100%|HC|  |TAMS 0x0000000080200000, 0x0000000080100000| Complete 
|   2|0x0000000080200000, 0x0000000080300000, 0x0000000080300000|100%|HC|  |TAMS 0x0000000080300000, 0x0000000080200000| Complete 
|   3|0x0000000080300000, 0x0000000080400000, 0x0000000080400000|100%|HC|  |TAMS 0x0000000080400000, 0x0000000080300000| Complete 
|   4|0x0000000080400000, 0x0000000080500000, 0x0000000080500000|100%| O|  |TAMS 0x0000000080500000, 0x0000000080400000| Untracked 
|   5|0x0000000080500000, 0x0000000080600000, 0x0000000080600000|100%| O|  |TAMS 0x0000000080600000, 0x0000000080500000| Untracked 
|   6|0x0000000080600000, 0x0000000080700000, 0x0000000080700000|100%| O|  |TAMS 0x0000000080700000, 0x0000000080600000| Untracked 
|   7|0x0000000080700000, 0x0000000080800000, 0x0000000080800000|100%| O|  |TAMS 0x0000000080800000, 0x0000000080700000| Untracked 
|   8|0x0000000080800000, 0x0000000080900000, 0x0000000080900000|100%| O|  |TAMS 0x0000000080900000, 0x0000000080800000| Untracked 
|   9|0x0000000080900000, 0x0000000080a00000, 0x0000000080a00000|100%| O|  |TAMS 0x0000000080a00000, 0x0000000080900000| Untracked 
|  10|0x0000000080a00000, 0x0000000080b00000, 0x0000000080b00000|100%| O|  |TAMS 0x0000000080b00000, 0x0000000080a00000| Untracked 
|  11|0x0000000080b00000, 0x0000000080c00000, 0x0000000080c00000|100%| O|  |TAMS 0x0000000080c00000, 0x0000000080b00000| Untracked 
|  12|0x0000000080c00000, 0x0000000080d00000, 0x0000000080d00000|100%| O|  |TAMS 0x0000000080d00000, 0x0000000080c00000| Untracked 
|  13|0x0000000080d00000, 0x0000000080e00000, 0x0000000080e00000|100%| O|  |TAMS 0x0000000080e00000, 0x0000000080d00000| Untracked 
|  14|0x0000000080e00000, 0x0000000080f00000, 0x0000000080f00000|100%| O|  |TAMS 0x0000000080f00000, 0x0000000080e00000| Untracked 
|  15|0x0000000080f00000, 0x0000000081000000, 0x0000000081000000|100%| O|  |TAMS 0x0000000081000000, 0x0000000080f00000| Untracked 
|  16|0x0000000081000000, 0x0000000081100000, 0x0000000081100000|100%| O|  |TAMS 0x0000000081100000, 0x0000000081000000| Untracked 
|  17|0x0000000081100000, 0x0000000081200000, 0x0000000081200000|100%| O|  |TAMS 0x0000000081200000, 0x0000000081100000| Untracked 
|  18|0x0000000081200000, 0x0000000081300000, 0x0000000081300000|100%| O|  |TAMS 0x0000000081300000, 0x0000000081200000| Untracked 
|  19|0x0000000081300000, 0x00000000813c0e00, 0x0000000081400000| 75%| O|  |TAMS 0x00000000813c0e00, 0x0000000081300000| Untracked 
|  20|0x0000000081400000, 0x0000000081500000, 0x0000000081500000|100%|HS|  |TAMS 0x0000000081500000, 0x0000000081400000| Complete 
|  21|0x0000000081500000, 0x0000000081600000, 0x0000000081600000|100%| O|  |TAMS 0x0000000081600000, 0x0000000081500000| Untracked 
|  22|0x0000000081600000, 0x0000000081700000, 0x0000000081700000|100%| O|  |TAMS 0x0000000081700000, 0x0000000081600000| Untracked 
|  23|0x0000000081700000, 0x0000000081800000, 0x0000000081800000|100%| O|  |TAMS 0x0000000081800000, 0x0000000081700000| Untracked 
|  24|0x0000000081800000, 0x0000000081900000, 0x0000000081900000|100%| O|  |TAMS 0x0000000081900000, 0x0000000081800000| Untracked 
|  25|0x0000000081900000, 0x0000000081a00000, 0x0000000081a00000|100%| O|  |TAMS 0x0000000081a00000, 0x0000000081900000| Untracked 
|  26|0x0000000081a00000, 0x0000000081b00000, 0x0000000081b00000|100%| O|  |TAMS 0x0000000081b00000, 0x0000000081a00000| Untracked 
|  27|0x0000000081b00000, 0x0000000081c00000, 0x0000000081c00000|100%| O|  |TAMS 0x0000000081c00000, 0x0000000081b00000| Untracked 
|  28|0x0000000081c00000, 0x0000000081d00000, 0x0000000081d00000|100%| O|  |TAMS 0x0000000081d00000, 0x0000000081c00000| Untracked 
|  29|0x0000000081d00000, 0x0000000081e00000, 0x0000000081e00000|100%| O|  |TAMS 0x0000000081e00000, 0x0000000081d00000| Untracked 
|  30|0x0000000081e00000, 0x0000000081f00000, 0x0000000081f00000|100%| O|  |TAMS 0x0000000081f00000, 0x0000000081e00000| Untracked 
|  31|0x0000000081f00000, 0x0000000082000000, 0x0000000082000000|100%| O|  |TAMS 0x0000000082000000, 0x0000000081f00000| Untracked 
|  32|0x0000000082000000, 0x0000000082100000, 0x0000000082100000|100%| O|  |TAMS 0x0000000082100000, 0x0000000082000000| Untracked 
|  33|0x0000000082100000, 0x0000000082200000, 0x0000000082200000|100%| O|  |TAMS 0x0000000082200000, 0x0000000082100000| Untracked 
|  34|0x0000000082200000, 0x0000000082300000, 0x0000000082300000|100%| O|  |TAMS 0x0000000082300000, 0x0000000082200000| Untracked 
|  35|0x0000000082300000, 0x0000000082400000, 0x0000000082400000|100%| O|  |TAMS 0x0000000082400000, 0x0000000082300000| Untracked 
|  36|0x0000000082400000, 0x0000000082500000, 0x0000000082500000|100%| O|  |TAMS 0x0000000082500000, 0x0000000082400000| Untracked 
|  37|0x0000000082500000, 0x0000000082600000, 0x0000000082600000|100%|HS|  |TAMS 0x0000000082600000, 0x0000000082500000| Complete 
|  38|0x0000000082600000, 0x0000000082700000, 0x0000000082700000|100%|HC|  |TAMS 0x0000000082700000, 0x0000000082600000| Complete 
|  39|0x0000000082700000, 0x0000000082800000, 0x0000000082800000|100%| O|  |TAMS 0x0000000082800000, 0x0000000082700000| Untracked 
|  40|0x0000000082800000, 0x0000000082900000, 0x0000000082900000|100%|HS|  |TAMS 0x0000000082900000, 0x0000000082800000| Complete 
|  41|0x0000000082900000, 0x0000000082a00000, 0x0000000082a00000|100%|HC|  |TAMS 0x0000000082a00000, 0x0000000082900000| Complete 
|  42|0x0000000082a00000, 0x0000000082b00000, 0x0000000082b00000|100%|HS|  |TAMS 0x0000000082b00000, 0x0000000082a00000| Complete 
|  43|0x0000000082b00000, 0x0000000082c00000, 0x0000000082c00000|100%|HC|  |TAMS 0x0000000082c00000, 0x0000000082b00000| Complete 
|  44|0x0000000082c00000, 0x0000000082d00000, 0x0000000082d00000|100%|HC|  |TAMS 0x0000000082d00000, 0x0000000082c00000| Complete 
|  45|0x0000000082d00000, 0x0000000082e00000, 0x0000000082e00000|100%|HC|  |TAMS 0x0000000082e00000, 0x0000000082d00000| Complete 
|  46|0x0000000082e00000, 0x0000000082f00000, 0x0000000082f00000|100%| O|  |TAMS 0x0000000082f00000, 0x0000000082e00000| Untracked 
|  47|0x0000000082f00000, 0x0000000083000000, 0x0000000083000000|100%| O|  |TAMS 0x0000000083000000, 0x0000000082f00000| Untracked 
|  48|0x0000000083000000, 0x0000000083100000, 0x0000000083100000|100%| O|  |TAMS 0x0000000083100000, 0x0000000083000000| Untracked 
|  49|0x0000000083100000, 0x0000000083200000, 0x0000000083200000|100%| O|  |TAMS 0x0000000083200000, 0x0000000083100000| Untracked 
|  50|0x0000000083200000, 0x0000000083300000, 0x0000000083300000|100%|HS|  |TAMS 0x0000000083300000, 0x0000000083200000| Complete 
|  51|0x0000000083300000, 0x0000000083400000, 0x0000000083400000|100%|HC|  |TAMS 0x0000000083400000, 0x0000000083300000| Complete 
|  52|0x0000000083400000, 0x0000000083500000, 0x0000000083500000|100%|HC|  |TAMS 0x0000000083500000, 0x0000000083400000| Complete 
|  53|0x0000000083500000, 0x0000000083600000, 0x0000000083600000|100%|HC|  |TAMS 0x0000000083600000, 0x0000000083500000| Complete 
|  54|0x0000000083600000, 0x0000000083700000, 0x0000000083700000|100%| O|  |TAMS 0x0000000083700000, 0x0000000083600000| Untracked 
|  55|0x0000000083700000, 0x0000000083800000, 0x0000000083800000|100%| O|  |TAMS 0x0000000083800000, 0x0000000083700000| Untracked 
|  56|0x0000000083800000, 0x0000000083900000, 0x0000000083900000|100%| O|  |TAMS 0x0000000083900000, 0x0000000083800000| Untracked 
|  57|0x0000000083900000, 0x0000000083a00000, 0x0000000083a00000|100%| O|  |TAMS 0x0000000083a00000, 0x0000000083900000| Untracked 
|  58|0x0000000083a00000, 0x0000000083b00000, 0x0000000083b00000|100%| O|  |TAMS 0x0000000083b00000, 0x0000000083a00000| Untracked 
|  59|0x0000000083b00000, 0x0000000083c00000, 0x0000000083c00000|100%| O|  |TAMS 0x0000000083c00000, 0x0000000083b00000| Untracked 
|  60|0x0000000083c00000, 0x0000000083d00000, 0x0000000083d00000|100%| O|  |TAMS 0x0000000083d00000, 0x0000000083c00000| Untracked 
|  61|0x0000000083d00000, 0x0000000083e00000, 0x0000000083e00000|100%| O|  |TAMS 0x0000000083e00000, 0x0000000083d00000| Untracked 
|  62|0x0000000083e00000, 0x0000000083f00000, 0x0000000083f00000|100%| O|  |TAMS 0x0000000083f00000, 0x0000000083e00000| Untracked 
|  63|0x0000000083f00000, 0x0000000084000000, 0x0000000084000000|100%| O|  |TAMS 0x0000000084000000, 0x0000000083f00000| Untracked 
|  64|0x0000000084000000, 0x0000000084100000, 0x0000000084100000|100%|HS|  |TAMS 0x0000000084100000, 0x0000000084000000| Complete 
|  65|0x0000000084100000, 0x0000000084200000, 0x0000000084200000|100%|HS|  |TAMS 0x0000000084200000, 0x0000000084100000| Complete 
|  66|0x0000000084200000, 0x0000000084300000, 0x0000000084300000|100%|HS|  |TAMS 0x0000000084300000, 0x0000000084200000| Complete 
|  67|0x0000000084300000, 0x0000000084400000, 0x0000000084400000|100%| O|  |TAMS 0x0000000084400000, 0x0000000084300000| Untracked 
|  68|0x0000000084400000, 0x0000000084500000, 0x0000000084500000|100%| O|  |TAMS 0x0000000084500000, 0x0000000084400000| Untracked 
|  69|0x0000000084500000, 0x0000000084600000, 0x0000000084600000|100%| O|  |TAMS 0x0000000084600000, 0x0000000084500000| Untracked 
|  70|0x0000000084600000, 0x0000000084700000, 0x0000000084700000|100%| O|  |TAMS 0x0000000084700000, 0x0000000084600000| Untracked 
|  71|0x0000000084700000, 0x0000000084800000, 0x0000000084800000|100%|HS|  |TAMS 0x0000000084800000, 0x0000000084700000| Complete 
|  72|0x0000000084800000, 0x0000000084900000, 0x0000000084900000|100%| O|  |TAMS 0x0000000084900000, 0x0000000084800000| Untracked 
|  73|0x0000000084900000, 0x0000000084a00000, 0x0000000084a00000|100%| O|  |TAMS 0x0000000084a00000, 0x0000000084900000| Untracked 
|  74|0x0000000084a00000, 0x0000000084b00000, 0x0000000084b00000|100%| O|  |TAMS 0x0000000084b00000, 0x0000000084a00000| Untracked 
|  75|0x0000000084b00000, 0x0000000084c00000, 0x0000000084c00000|100%| O|  |TAMS 0x0000000084c00000, 0x0000000084b00000| Untracked 
|  76|0x0000000084c00000, 0x0000000084d00000, 0x0000000084d00000|100%| O|  |TAMS 0x0000000084d00000, 0x0000000084c00000| Untracked 
|  77|0x0000000084d00000, 0x0000000084e00000, 0x0000000084e00000|100%| O|  |TAMS 0x0000000084e00000, 0x0000000084d00000| Untracked 
|  78|0x0000000084e00000, 0x0000000084f00000, 0x0000000084f00000|100%| O|  |TAMS 0x0000000084f00000, 0x0000000084e00000| Untracked 
|  79|0x0000000084f00000, 0x0000000085000000, 0x0000000085000000|100%| O|  |TAMS 0x0000000085000000, 0x0000000084f00000| Untracked 
|  80|0x0000000085000000, 0x0000000085100000, 0x0000000085100000|100%| O|  |TAMS 0x0000000085100000, 0x0000000085000000| Untracked 
|  81|0x0000000085100000, 0x0000000085200000, 0x0000000085200000|100%| O|  |TAMS 0x0000000085200000, 0x0000000085100000| Untracked 
|  82|0x0000000085200000, 0x0000000085300000, 0x0000000085300000|100%| O|  |TAMS 0x0000000085300000, 0x0000000085200000| Untracked 
|  83|0x0000000085300000, 0x0000000085400000, 0x0000000085400000|100%| O|  |TAMS 0x0000000085400000, 0x0000000085300000| Untracked 
|  84|0x0000000085400000, 0x0000000085500000, 0x0000000085500000|100%| O|  |TAMS 0x0000000085500000, 0x0000000085400000| Untracked 
|  85|0x0000000085500000, 0x0000000085600000, 0x0000000085600000|100%| O|  |TAMS 0x0000000085600000, 0x0000000085500000| Untracked 
|  86|0x0000000085600000, 0x0000000085700000, 0x0000000085700000|100%| O|  |TAMS 0x0000000085700000, 0x0000000085600000| Untracked 
|  87|0x0000000085700000, 0x0000000085800000, 0x0000000085800000|100%| O|  |TAMS 0x0000000085800000, 0x0000000085700000| Untracked 
|  88|0x0000000085800000, 0x0000000085900000, 0x0000000085900000|100%| O|  |TAMS 0x0000000085900000, 0x0000000085800000| Untracked 
|  89|0x0000000085900000, 0x0000000085a00000, 0x0000000085a00000|100%| O|  |TAMS 0x0000000085a00000, 0x0000000085900000| Untracked 
|  90|0x0000000085a00000, 0x0000000085b00000, 0x0000000085b00000|100%| O|  |TAMS 0x0000000085b00000, 0x0000000085a00000| Untracked 
|  91|0x0000000085b00000, 0x0000000085c00000, 0x0000000085c00000|100%| O|  |TAMS 0x0000000085c00000, 0x0000000085b00000| Untracked 
|  92|0x0000000085c00000, 0x0000000085d00000, 0x0000000085d00000|100%| O|  |TAMS 0x0000000085d00000, 0x0000000085c00000| Untracked 
|  93|0x0000000085d00000, 0x0000000085e00000, 0x0000000085e00000|100%|HS|  |TAMS 0x0000000085e00000, 0x0000000085d00000| Complete 
|  94|0x0000000085e00000, 0x0000000085f00000, 0x0000000085f00000|100%| O|  |TAMS 0x0000000085f00000, 0x0000000085e00000| Untracked 
|  95|0x0000000085f00000, 0x0000000086000000, 0x0000000086000000|100%| O|  |TAMS 0x0000000086000000, 0x0000000085f00000| Untracked 
|  96|0x0000000086000000, 0x0000000086100000, 0x0000000086100000|100%| O|  |TAMS 0x0000000086100000, 0x0000000086000000| Untracked 
|  97|0x0000000086100000, 0x0000000086200000, 0x0000000086200000|100%| O|  |TAMS 0x0000000086200000, 0x0000000086100000| Untracked 
|  98|0x0000000086200000, 0x0000000086300000, 0x0000000086300000|100%| O|  |TAMS 0x0000000086300000, 0x0000000086200000| Untracked 
|  99|0x0000000086300000, 0x0000000086400000, 0x0000000086400000|100%| O|  |TAMS 0x0000000086400000, 0x0000000086300000| Untracked 
| 100|0x0000000086400000, 0x0000000086500000, 0x0000000086500000|100%| O|  |TAMS 0x0000000086500000, 0x0000000086400000| Untracked 
| 101|0x0000000086500000, 0x0000000086600000, 0x0000000086600000|100%| O|  |TAMS 0x0000000086600000, 0x0000000086500000| Untracked 
| 102|0x0000000086600000, 0x0000000086700000, 0x0000000086700000|100%| O|  |TAMS 0x0000000086700000, 0x0000000086600000| Untracked 
| 103|0x0000000086700000, 0x0000000086800000, 0x0000000086800000|100%| O|  |TAMS 0x0000000086800000, 0x0000000086700000| Untracked 
| 104|0x0000000086800000, 0x0000000086900000, 0x0000000086900000|100%| O|  |TAMS 0x0000000086900000, 0x0000000086800000| Untracked 
| 105|0x0000000086900000, 0x0000000086a00000, 0x0000000086a00000|100%| O|  |TAMS 0x0000000086a00000, 0x0000000086900000| Untracked 
| 106|0x0000000086a00000, 0x0000000086b00000, 0x0000000086b00000|100%| O|  |TAMS 0x0000000086b00000, 0x0000000086a00000| Untracked 
| 107|0x0000000086b00000, 0x0000000086c00000, 0x0000000086c00000|100%| O|  |TAMS 0x0000000086c00000, 0x0000000086b00000| Untracked 
| 108|0x0000000086c00000, 0x0000000086d00000, 0x0000000086d00000|100%| O|  |TAMS 0x0000000086c00000, 0x0000000086c00000| Untracked 
| 109|0x0000000086d00000, 0x0000000086e00000, 0x0000000086e00000|100%|HS|  |TAMS 0x0000000086e00000, 0x0000000086d00000| Complete 
| 110|0x0000000086e00000, 0x0000000086f00000, 0x0000000086f00000|100%|HC|  |TAMS 0x0000000086f00000, 0x0000000086e00000| Complete 
| 111|0x0000000086f00000, 0x0000000087000000, 0x0000000087000000|100%| O|  |TAMS 0x0000000087000000, 0x0000000086f00000| Untracked 
| 112|0x0000000087000000, 0x0000000087100000, 0x0000000087100000|100%|HS|  |TAMS 0x0000000087100000, 0x0000000087000000| Complete 
| 113|0x0000000087100000, 0x0000000087200000, 0x0000000087200000|100%| O|  |TAMS 0x0000000087200000, 0x0000000087100000| Untracked 
| 114|0x0000000087200000, 0x0000000087300000, 0x0000000087300000|100%| O|  |TAMS 0x0000000087300000, 0x0000000087200000| Untracked 
| 115|0x0000000087300000, 0x0000000087400000, 0x0000000087400000|100%| O|  |TAMS 0x0000000087400000, 0x0000000087300000| Untracked 
| 116|0x0000000087400000, 0x0000000087500000, 0x0000000087500000|100%| O|  |TAMS 0x0000000087500000, 0x0000000087400000| Untracked 
| 117|0x0000000087500000, 0x0000000087600000, 0x0000000087600000|100%| O|  |TAMS 0x0000000087600000, 0x0000000087500000| Untracked 
| 118|0x0000000087600000, 0x0000000087700000, 0x0000000087700000|100%| O|  |TAMS 0x0000000087700000, 0x0000000087600000| Untracked 
| 119|0x0000000087700000, 0x0000000087800000, 0x0000000087800000|100%| O|  |TAMS 0x0000000087800000, 0x0000000087700000| Untracked 
| 120|0x0000000087800000, 0x0000000087900000, 0x0000000087900000|100%| O|  |TAMS 0x0000000087900000, 0x0000000087800000| Untracked 
| 121|0x0000000087900000, 0x0000000087a00000, 0x0000000087a00000|100%| O|  |TAMS 0x0000000087a00000, 0x0000000087900000| Untracked 
| 122|0x0000000087a00000, 0x0000000087b00000, 0x0000000087b00000|100%| O|  |TAMS 0x0000000087a00000, 0x0000000087a00000| Untracked 
| 123|0x0000000087b00000, 0x0000000087c00000, 0x0000000087c00000|100%| O|  |TAMS 0x0000000087c00000, 0x0000000087b00000| Untracked 
| 124|0x0000000087c00000, 0x0000000087d00000, 0x0000000087d00000|100%| O|  |TAMS 0x0000000087d00000, 0x0000000087c00000| Untracked 
| 125|0x0000000087d00000, 0x0000000087e00000, 0x0000000087e00000|100%| O|  |TAMS 0x0000000087e00000, 0x0000000087d00000| Untracked 
| 126|0x0000000087e00000, 0x0000000087f00000, 0x0000000087f00000|100%| O|  |TAMS 0x0000000087e74208, 0x0000000087e00000| Untracked 
| 127|0x0000000087f00000, 0x0000000088000000, 0x0000000088000000|100%| O|  |TAMS 0x0000000087f00000, 0x0000000087f00000| Untracked 
| 128|0x0000000088000000, 0x0000000088100000, 0x0000000088100000|100%| O|  |TAMS 0x0000000088000000, 0x0000000088000000| Untracked 
| 129|0x0000000088100000, 0x0000000088200000, 0x0000000088200000|100%| O|  |TAMS 0x0000000088100000, 0x0000000088100000| Untracked 
| 130|0x0000000088200000, 0x0000000088300000, 0x0000000088300000|100%| O|  |TAMS 0x0000000088200000, 0x0000000088200000| Untracked 
| 131|0x0000000088300000, 0x0000000088400000, 0x0000000088400000|100%| O|  |TAMS 0x0000000088300000, 0x0000000088300000| Untracked 
| 132|0x0000000088400000, 0x0000000088500000, 0x0000000088500000|100%| O|  |TAMS 0x0000000088400000, 0x0000000088400000| Untracked 
| 133|0x0000000088500000, 0x0000000088600000, 0x0000000088600000|100%| O|  |TAMS 0x0000000088500000, 0x0000000088500000| Untracked 
| 134|0x0000000088600000, 0x0000000088700000, 0x0000000088700000|100%| O|  |TAMS 0x0000000088600000, 0x0000000088600000| Untracked 
| 135|0x0000000088700000, 0x0000000088800000, 0x0000000088800000|100%| O|  |TAMS 0x0000000088700000, 0x0000000088700000| Untracked 
| 136|0x0000000088800000, 0x0000000088900000, 0x0000000088900000|100%| O|  |TAMS 0x0000000088800000, 0x0000000088800000| Untracked 
| 137|0x0000000088900000, 0x0000000088a00000, 0x0000000088a00000|100%| O|  |TAMS 0x0000000088900000, 0x0000000088900000| Untracked 
| 138|0x0000000088a00000, 0x0000000088b00000, 0x0000000088b00000|100%| O|  |TAMS 0x0000000088a00000, 0x0000000088a00000| Untracked 
| 139|0x0000000088b00000, 0x0000000088c00000, 0x0000000088c00000|100%| O|  |TAMS 0x0000000088b00000, 0x0000000088b00000| Untracked 
| 140|0x0000000088c00000, 0x0000000088d00000, 0x0000000088d00000|100%| O|  |TAMS 0x0000000088c00000, 0x0000000088c00000| Untracked 
| 141|0x0000000088d00000, 0x0000000088e00000, 0x0000000088e00000|100%| O|  |TAMS 0x0000000088d00000, 0x0000000088d00000| Untracked 
| 142|0x0000000088e00000, 0x0000000088f00000, 0x0000000088f00000|100%| O|  |TAMS 0x0000000088e00000, 0x0000000088e00000| Untracked 
| 143|0x0000000088f00000, 0x0000000089000000, 0x0000000089000000|100%| O|  |TAMS 0x0000000088f00000, 0x0000000088f00000| Untracked 
| 144|0x0000000089000000, 0x0000000089100000, 0x0000000089100000|100%| O|  |TAMS 0x0000000089000000, 0x0000000089000000| Untracked 
| 145|0x0000000089100000, 0x0000000089200000, 0x0000000089200000|100%| O|  |TAMS 0x0000000089100000, 0x0000000089100000| Untracked 
| 146|0x0000000089200000, 0x0000000089300000, 0x0000000089300000|100%| O|  |TAMS 0x0000000089200000, 0x0000000089200000| Untracked 
| 147|0x0000000089300000, 0x0000000089400000, 0x0000000089400000|100%| O|  |TAMS 0x0000000089300000, 0x0000000089300000| Untracked 
| 148|0x0000000089400000, 0x0000000089500000, 0x0000000089500000|100%| O|  |TAMS 0x0000000089400000, 0x0000000089400000| Untracked 
| 149|0x0000000089500000, 0x0000000089600000, 0x0000000089600000|100%| O|  |TAMS 0x0000000089500000, 0x0000000089500000| Untracked 
| 150|0x0000000089600000, 0x0000000089700000, 0x0000000089700000|100%| O|  |TAMS 0x0000000089600000, 0x0000000089600000| Untracked 
| 151|0x0000000089700000, 0x0000000089800000, 0x0000000089800000|100%| O|  |TAMS 0x0000000089700000, 0x0000000089700000| Untracked 
| 152|0x0000000089800000, 0x0000000089900000, 0x0000000089900000|100%| O|  |TAMS 0x0000000089800000, 0x0000000089800000| Untracked 
| 153|0x0000000089900000, 0x0000000089a00000, 0x0000000089a00000|100%| O|  |TAMS 0x0000000089900000, 0x0000000089900000| Untracked 
| 154|0x0000000089a00000, 0x0000000089b00000, 0x0000000089b00000|100%| O|  |TAMS 0x0000000089a00000, 0x0000000089a00000| Untracked 
| 155|0x0000000089b00000, 0x0000000089c00000, 0x0000000089c00000|100%| O|  |TAMS 0x0000000089b00000, 0x0000000089b00000| Untracked 
| 156|0x0000000089c00000, 0x0000000089d00000, 0x0000000089d00000|100%| O|  |TAMS 0x0000000089c00000, 0x0000000089c00000| Untracked 
| 157|0x0000000089d00000, 0x0000000089e00000, 0x0000000089e00000|100%| O|  |TAMS 0x0000000089d00000, 0x0000000089d00000| Untracked 
| 158|0x0000000089e00000, 0x0000000089f00000, 0x0000000089f00000|100%| O|  |TAMS 0x0000000089e00000, 0x0000000089e00000| Untracked 
| 159|0x0000000089f00000, 0x000000008a000000, 0x000000008a000000|100%| O|  |TAMS 0x0000000089f00000, 0x0000000089f00000| Untracked 
| 160|0x000000008a000000, 0x000000008a100000, 0x000000008a100000|100%| O|  |TAMS 0x000000008a000000, 0x000000008a000000| Untracked 
| 161|0x000000008a100000, 0x000000008a200000, 0x000000008a200000|100%| O|  |TAMS 0x000000008a100000, 0x000000008a100000| Untracked 
| 162|0x000000008a200000, 0x000000008a300000, 0x000000008a300000|100%| O|  |TAMS 0x000000008a200000, 0x000000008a200000| Untracked 
| 163|0x000000008a300000, 0x000000008a400000, 0x000000008a400000|100%| O|  |TAMS 0x000000008a300000, 0x000000008a300000| Untracked 
| 164|0x000000008a400000, 0x000000008a500000, 0x000000008a500000|100%| O|  |TAMS 0x000000008a400000, 0x000000008a400000| Untracked 
| 165|0x000000008a500000, 0x000000008a600000, 0x000000008a600000|100%| O|  |TAMS 0x000000008a500000, 0x000000008a500000| Untracked 
| 166|0x000000008a600000, 0x000000008a699a00, 0x000000008a700000| 60%| O|  |TAMS 0x000000008a600000, 0x000000008a600000| Untracked 
| 167|0x000000008a700000, 0x000000008a700000, 0x000000008a800000|  0%| F|  |TAMS 0x000000008a700000, 0x000000008a700000| Untracked 
| 168|0x000000008a800000, 0x000000008a900000, 0x000000008a900000|100%| O|  |TAMS 0x000000008a800000, 0x000000008a800000| Untracked 
| 169|0x000000008a900000, 0x000000008aa00000, 0x000000008aa00000|100%| O|  |TAMS 0x000000008a900000, 0x000000008a900000| Untracked 
| 170|0x000000008aa00000, 0x000000008ab00000, 0x000000008ab00000|100%| O|  |TAMS 0x000000008aa00000, 0x000000008aa00000| Untracked 
| 171|0x000000008ab00000, 0x000000008ac00000, 0x000000008ac00000|100%| O|  |TAMS 0x000000008ab00000, 0x000000008ab00000| Untracked 
| 172|0x000000008ac00000, 0x000000008ac00000, 0x000000008ad00000|  0%| F|  |TAMS 0x000000008ac00000, 0x000000008ac00000| Untracked 
| 173|0x000000008ad00000, 0x000000008ae00000, 0x000000008ae00000|100%| O|  |TAMS 0x000000008ad00000, 0x000000008ad00000| Untracked 
| 174|0x000000008ae00000, 0x000000008af00000, 0x000000008af00000|100%| O|  |TAMS 0x000000008ae00000, 0x000000008ae00000| Untracked 
| 175|0x000000008af00000, 0x000000008b000000, 0x000000008b000000|100%| O|  |TAMS 0x000000008af00000, 0x000000008af00000| Untracked 
| 176|0x000000008b000000, 0x000000008b000000, 0x000000008b100000|  0%| F|  |TAMS 0x000000008b000000, 0x000000008b000000| Untracked 
| 177|0x000000008b100000, 0x000000008b100000, 0x000000008b200000|  0%| F|  |TAMS 0x000000008b100000, 0x000000008b100000| Untracked 
| 178|0x000000008b200000, 0x000000008b200000, 0x000000008b300000|  0%| F|  |TAMS 0x000000008b200000, 0x000000008b200000| Untracked 
| 179|0x000000008b300000, 0x000000008b300000, 0x000000008b400000|  0%| F|  |TAMS 0x000000008b300000, 0x000000008b300000| Untracked 
| 180|0x000000008b400000, 0x000000008b400000, 0x000000008b500000|  0%| F|  |TAMS 0x000000008b400000, 0x000000008b400000| Untracked 
| 181|0x000000008b500000, 0x000000008b500000, 0x000000008b600000|  0%| F|  |TAMS 0x000000008b500000, 0x000000008b500000| Untracked 
| 182|0x000000008b600000, 0x000000008b600000, 0x000000008b700000|  0%| F|  |TAMS 0x000000008b600000, 0x000000008b600000| Untracked 
| 183|0x000000008b700000, 0x000000008b700000, 0x000000008b800000|  0%| F|  |TAMS 0x000000008b700000, 0x000000008b700000| Untracked 
| 184|0x000000008b800000, 0x000000008b800000, 0x000000008b900000|  0%| F|  |TAMS 0x000000008b800000, 0x000000008b800000| Untracked 
| 185|0x000000008b900000, 0x000000008b900000, 0x000000008ba00000|  0%| F|  |TAMS 0x000000008b900000, 0x000000008b900000| Untracked 
| 186|0x000000008ba00000, 0x000000008ba00000, 0x000000008bb00000|  0%| F|  |TAMS 0x000000008ba00000, 0x000000008ba00000| Untracked 
| 187|0x000000008bb00000, 0x000000008bb00000, 0x000000008bc00000|  0%| F|  |TAMS 0x000000008bb00000, 0x000000008bb00000| Untracked 
| 188|0x000000008bc00000, 0x000000008bc00000, 0x000000008bd00000|  0%| F|  |TAMS 0x000000008bc00000, 0x000000008bc00000| Untracked 
| 189|0x000000008bd00000, 0x000000008bd00000, 0x000000008be00000|  0%| F|  |TAMS 0x000000008bd00000, 0x000000008bd00000| Untracked 
| 190|0x000000008be00000, 0x000000008be00000, 0x000000008bf00000|  0%| F|  |TAMS 0x000000008be00000, 0x000000008be00000| Untracked 
| 191|0x000000008bf00000, 0x000000008bf00000, 0x000000008c000000|  0%| F|  |TAMS 0x000000008bf00000, 0x000000008bf00000| Untracked 
| 192|0x000000008c000000, 0x000000008c000000, 0x000000008c100000|  0%| F|  |TAMS 0x000000008c000000, 0x000000008c000000| Untracked 
| 193|0x000000008c100000, 0x000000008c100000, 0x000000008c200000|  0%| F|  |TAMS 0x000000008c100000, 0x000000008c100000| Untracked 
| 194|0x000000008c200000, 0x000000008c200000, 0x000000008c300000|  0%| F|  |TAMS 0x000000008c200000, 0x000000008c200000| Untracked 
| 195|0x000000008c300000, 0x000000008c300000, 0x000000008c400000|  0%| F|  |TAMS 0x000000008c300000, 0x000000008c300000| Untracked 
| 196|0x000000008c400000, 0x000000008c400000, 0x000000008c500000|  0%| F|  |TAMS 0x000000008c400000, 0x000000008c400000| Untracked 
| 197|0x000000008c500000, 0x000000008c500000, 0x000000008c600000|  0%| F|  |TAMS 0x000000008c500000, 0x000000008c500000| Untracked 
| 198|0x000000008c600000, 0x000000008c600000, 0x000000008c700000|  0%| F|  |TAMS 0x000000008c600000, 0x000000008c600000| Untracked 
| 199|0x000000008c700000, 0x000000008c700000, 0x000000008c800000|  0%| F|  |TAMS 0x000000008c700000, 0x000000008c700000| Untracked 
| 200|0x000000008c800000, 0x000000008c800000, 0x000000008c900000|  0%| F|  |TAMS 0x000000008c800000, 0x000000008c800000| Untracked 
| 201|0x000000008c900000, 0x000000008c900000, 0x000000008ca00000|  0%| F|  |TAMS 0x000000008c900000, 0x000000008c900000| Untracked 
| 202|0x000000008ca00000, 0x000000008ca00000, 0x000000008cb00000|  0%| F|  |TAMS 0x000000008ca00000, 0x000000008ca00000| Untracked 
| 203|0x000000008cb00000, 0x000000008cb00000, 0x000000008cc00000|  0%| F|  |TAMS 0x000000008cb00000, 0x000000008cb00000| Untracked 
| 204|0x000000008cc00000, 0x000000008cc00000, 0x000000008cd00000|  0%| F|  |TAMS 0x000000008cc00000, 0x000000008cc00000| Untracked 
| 205|0x000000008cd00000, 0x000000008cd00000, 0x000000008ce00000|  0%| F|  |TAMS 0x000000008cd00000, 0x000000008cd00000| Untracked 
| 206|0x000000008ce00000, 0x000000008ce00000, 0x000000008cf00000|  0%| F|  |TAMS 0x000000008ce00000, 0x000000008ce00000| Untracked 
| 207|0x000000008cf00000, 0x000000008cf00000, 0x000000008d000000|  0%| F|  |TAMS 0x000000008cf00000, 0x000000008cf00000| Untracked 
| 208|0x000000008d000000, 0x000000008d0eabd0, 0x000000008d100000| 91%| S|CS|TAMS 0x000000008d000000, 0x000000008d000000| Complete 
| 209|0x000000008d100000, 0x000000008d100000, 0x000000008d200000|  0%| F|  |TAMS 0x000000008d100000, 0x000000008d100000| Untracked 
| 210|0x000000008d200000, 0x000000008d200000, 0x000000008d300000|  0%| F|  |TAMS 0x000000008d200000, 0x000000008d200000| Untracked 
| 211|0x000000008d300000, 0x000000008d400000, 0x000000008d400000|100%| S|CS|TAMS 0x000000008d300000, 0x000000008d300000| Complete 
| 212|0x000000008d400000, 0x000000008d400000, 0x000000008d500000|  0%| F|  |TAMS 0x000000008d400000, 0x000000008d400000| Untracked 
| 213|0x000000008d500000, 0x000000008d500000, 0x000000008d600000|  0%| F|  |TAMS 0x000000008d500000, 0x000000008d500000| Untracked 
| 214|0x000000008d600000, 0x000000008d700000, 0x000000008d700000|100%| S|CS|TAMS 0x000000008d600000, 0x000000008d600000| Complete 
| 215|0x000000008d700000, 0x000000008d800000, 0x000000008d800000|100%| S|CS|TAMS 0x000000008d700000, 0x000000008d700000| Complete 
| 216|0x000000008d800000, 0x000000008d900000, 0x000000008d900000|100%| S|CS|TAMS 0x000000008d800000, 0x000000008d800000| Complete 
| 217|0x000000008d900000, 0x000000008da00000, 0x000000008da00000|100%| S|CS|TAMS 0x000000008d900000, 0x000000008d900000| Complete 
| 218|0x000000008da00000, 0x000000008da00000, 0x000000008db00000|  0%| F|  |TAMS 0x000000008da00000, 0x000000008da00000| Untracked 
| 219|0x000000008db00000, 0x000000008db00000, 0x000000008dc00000|  0%| F|  |TAMS 0x000000008db00000, 0x000000008db00000| Untracked 
| 220|0x000000008dc00000, 0x000000008dc00000, 0x000000008dd00000|  0%| F|  |TAMS 0x000000008dc00000, 0x000000008dc00000| Untracked 
| 221|0x000000008dd00000, 0x000000008dd00000, 0x000000008de00000|  0%| F|  |TAMS 0x000000008dd00000, 0x000000008dd00000| Untracked 
| 222|0x000000008de00000, 0x000000008de00000, 0x000000008df00000|  0%| F|  |TAMS 0x000000008de00000, 0x000000008de00000| Untracked 
| 223|0x000000008df00000, 0x000000008df00000, 0x000000008e000000|  0%| F|  |TAMS 0x000000008df00000, 0x000000008df00000| Untracked 
| 224|0x000000008e000000, 0x000000008e000000, 0x000000008e100000|  0%| F|  |TAMS 0x000000008e000000, 0x000000008e000000| Untracked 
| 225|0x000000008e100000, 0x000000008e100000, 0x000000008e200000|  0%| F|  |TAMS 0x000000008e100000, 0x000000008e100000| Untracked 
| 226|0x000000008e200000, 0x000000008e200000, 0x000000008e300000|  0%| F|  |TAMS 0x000000008e200000, 0x000000008e200000| Untracked 
| 227|0x000000008e300000, 0x000000008e300000, 0x000000008e400000|  0%| F|  |TAMS 0x000000008e300000, 0x000000008e300000| Untracked 
| 228|0x000000008e400000, 0x000000008e400000, 0x000000008e500000|  0%| F|  |TAMS 0x000000008e400000, 0x000000008e400000| Untracked 
| 229|0x000000008e500000, 0x000000008e500000, 0x000000008e600000|  0%| F|  |TAMS 0x000000008e500000, 0x000000008e500000| Untracked 
| 230|0x000000008e600000, 0x000000008e600000, 0x000000008e700000|  0%| F|  |TAMS 0x000000008e600000, 0x000000008e600000| Untracked 
| 231|0x000000008e700000, 0x000000008e700000, 0x000000008e800000|  0%| F|  |TAMS 0x000000008e700000, 0x000000008e700000| Untracked 
| 232|0x000000008e800000, 0x000000008e800000, 0x000000008e900000|  0%| F|  |TAMS 0x000000008e800000, 0x000000008e800000| Untracked 
| 233|0x000000008e900000, 0x000000008e900000, 0x000000008ea00000|  0%| F|  |TAMS 0x000000008e900000, 0x000000008e900000| Untracked 
| 234|0x000000008ea00000, 0x000000008ea00000, 0x000000008eb00000|  0%| F|  |TAMS 0x000000008ea00000, 0x000000008ea00000| Untracked 
| 235|0x000000008eb00000, 0x000000008eb00000, 0x000000008ec00000|  0%| F|  |TAMS 0x000000008eb00000, 0x000000008eb00000| Untracked 
| 236|0x000000008ec00000, 0x000000008ecee970, 0x000000008ed00000| 93%| E|  |TAMS 0x000000008ec00000, 0x000000008ec00000| Complete 
| 237|0x000000008ed00000, 0x000000008ee00000, 0x000000008ee00000|100%| E|CS|TAMS 0x000000008ed00000, 0x000000008ed00000| Complete 
| 238|0x000000008ee00000, 0x000000008ef00000, 0x000000008ef00000|100%| E|CS|TAMS 0x000000008ee00000, 0x000000008ee00000| Complete 
| 239|0x000000008ef00000, 0x000000008f000000, 0x000000008f000000|100%| E|CS|TAMS 0x000000008ef00000, 0x000000008ef00000| Complete 
| 240|0x000000008f000000, 0x000000008f100000, 0x000000008f100000|100%| E|CS|TAMS 0x000000008f000000, 0x000000008f000000| Complete 
| 241|0x000000008f100000, 0x000000008f200000, 0x000000008f200000|100%| E|CS|TAMS 0x000000008f100000, 0x000000008f100000| Complete 
| 242|0x000000008f200000, 0x000000008f300000, 0x000000008f300000|100%| E|CS|TAMS 0x000000008f200000, 0x000000008f200000| Complete 
| 243|0x000000008f300000, 0x000000008f400000, 0x000000008f400000|100%| E|CS|TAMS 0x000000008f300000, 0x000000008f300000| Complete 
| 244|0x000000008f400000, 0x000000008f500000, 0x000000008f500000|100%| E|CS|TAMS 0x000000008f400000, 0x000000008f400000| Complete 
| 245|0x000000008f500000, 0x000000008f600000, 0x000000008f600000|100%| E|CS|TAMS 0x000000008f500000, 0x000000008f500000| Complete 
| 246|0x000000008f600000, 0x000000008f700000, 0x000000008f700000|100%| E|CS|TAMS 0x000000008f600000, 0x000000008f600000| Complete 
| 247|0x000000008f700000, 0x000000008f800000, 0x000000008f800000|100%| E|CS|TAMS 0x000000008f700000, 0x000000008f700000| Complete 
| 248|0x000000008f800000, 0x000000008f900000, 0x000000008f900000|100%| E|CS|TAMS 0x000000008f800000, 0x000000008f800000| Complete 
| 249|0x000000008f900000, 0x000000008fa00000, 0x000000008fa00000|100%| E|CS|TAMS 0x000000008f900000, 0x000000008f900000| Complete 
| 250|0x000000008fa00000, 0x000000008fb00000, 0x000000008fb00000|100%| E|CS|TAMS 0x000000008fa00000, 0x000000008fa00000| Complete 
| 251|0x000000008fb00000, 0x000000008fc00000, 0x000000008fc00000|100%| E|CS|TAMS 0x000000008fb00000, 0x000000008fb00000| Complete 
| 252|0x000000008fc00000, 0x000000008fd00000, 0x000000008fd00000|100%| E|CS|TAMS 0x000000008fc00000, 0x000000008fc00000| Complete 
| 253|0x000000008fd00000, 0x000000008fe00000, 0x000000008fe00000|100%| E|CS|TAMS 0x000000008fd00000, 0x000000008fd00000| Complete 
| 254|0x000000008fe00000, 0x000000008ff00000, 0x000000008ff00000|100%| E|CS|TAMS 0x000000008fe00000, 0x000000008fe00000| Complete 
| 255|0x000000008ff00000, 0x0000000090000000, 0x0000000090000000|100%| E|CS|TAMS 0x000000008ff00000, 0x000000008ff00000| Complete 
| 256|0x0000000090000000, 0x0000000090100000, 0x0000000090100000|100%| E|CS|TAMS 0x0000000090000000, 0x0000000090000000| Complete 
| 257|0x0000000090100000, 0x0000000090200000, 0x0000000090200000|100%| E|CS|TAMS 0x0000000090100000, 0x0000000090100000| Complete 
| 258|0x0000000090200000, 0x0000000090300000, 0x0000000090300000|100%| E|CS|TAMS 0x0000000090200000, 0x0000000090200000| Complete 
| 259|0x0000000090300000, 0x0000000090400000, 0x0000000090400000|100%| E|CS|TAMS 0x0000000090300000, 0x0000000090300000| Complete 
| 260|0x0000000090400000, 0x0000000090500000, 0x0000000090500000|100%| E|CS|TAMS 0x0000000090400000, 0x0000000090400000| Complete 
| 261|0x0000000090500000, 0x0000000090600000, 0x0000000090600000|100%| E|CS|TAMS 0x0000000090500000, 0x0000000090500000| Complete 
| 262|0x0000000090600000, 0x0000000090700000, 0x0000000090700000|100%| E|CS|TAMS 0x0000000090600000, 0x0000000090600000| Complete 
| 263|0x0000000090700000, 0x0000000090800000, 0x0000000090800000|100%| E|CS|TAMS 0x0000000090700000, 0x0000000090700000| Complete 
| 264|0x0000000090800000, 0x0000000090900000, 0x0000000090900000|100%| E|CS|TAMS 0x0000000090800000, 0x0000000090800000| Complete 
| 265|0x0000000090900000, 0x0000000090a00000, 0x0000000090a00000|100%| E|CS|TAMS 0x0000000090900000, 0x0000000090900000| Complete 
| 266|0x0000000090a00000, 0x0000000090b00000, 0x0000000090b00000|100%| E|CS|TAMS 0x0000000090a00000, 0x0000000090a00000| Complete 

Card table byte_map: [0x000002036a080000,0x000002036a480000] _byte_map_base: 0x0000020369c80000

Marking Bits (Prev, Next): (CMBitMap*) 0x0000020352eab310, (CMBitMap*) 0x0000020352eab2d0
 Prev Bits: [0x000002036c880000, 0x000002036e880000)
 Next Bits: [0x000002036a880000, 0x000002036c880000)

Polling page: 0x0000020352610000

Metaspace:

Usage:
  Non-class:     86.80 MB used.
      Class:     13.93 MB used.
       Both:    100.73 MB used.

Virtual space:
  Non-class space:      128.00 MB reserved,      87.38 MB ( 68%) committed,  2 nodes.
      Class space:      416.00 MB reserved,      14.50 MB (  3%) committed,  1 nodes.
             Both:      544.00 MB reserved,     101.88 MB ( 19%) committed. 

Chunk freelists:
   Non-Class:  7.85 MB
       Class:  1.35 MB
        Both:  9.20 MB

MaxMetaspaceSize: 512.00 MB
CompressedClassSpaceSize: 416.00 MB
Initial GC threshold: 21.00 MB
Current GC threshold: 153.06 MB
CDS: on
MetaspaceReclaimPolicy: balanced
 - commit_granule_bytes: 65536.
 - commit_granule_words: 8192.
 - virtual_space_node_default_size: 8388608.
 - enlarge_chunks_in_place: 1.
 - new_chunks_are_fully_committed: 0.
 - uncommit_free_chunks: 1.
 - use_allocation_guard: 0.
 - handle_deallocations: 1.


Internal statistics:

num_allocs_failed_limit: 6.
num_arena_births: 1522.
num_arena_deaths: 0.
num_vsnodes_births: 3.
num_vsnodes_deaths: 0.
num_space_committed: 1629.
num_space_uncommitted: 0.
num_chunks_returned_to_freelist: 6.
num_chunks_taken_from_freelist: 6150.
num_chunk_merges: 6.
num_chunk_splits: 3898.
num_chunks_enlarged: 2419.
num_inconsistent_stats: 0.

CodeHeap 'non-profiled nmethods': size=120000Kb used=10306Kb max_used=10914Kb free=109693Kb
 bounds [0x0000020362420000, 0x0000020362ed0000, 0x0000020369950000]
CodeHeap 'profiled nmethods': size=120000Kb used=29404Kb max_used=29718Kb free=90595Kb
 bounds [0x000002035a950000, 0x000002035c660000, 0x0000020361e80000]
CodeHeap 'non-nmethods': size=5760Kb used=2405Kb max_used=2526Kb free=3354Kb
 bounds [0x0000020361e80000, 0x0000020362110000, 0x0000020362420000]
 total_blobs=15976 nmethods=15034 adapters=854
 compilation: enabled
              stopped_count=0, restarted_count=0
 full_count=0

Compilation events (20 events):
Event: 2502.292 Thread 0x00000203712cdd50 nmethod 17511 0x000002035c63cf90 code [0x000002035c63d160, 0x000002035c63d608]
Event: 2502.295 Thread 0x00000203712cdd50 17513   !   3       org.codehaus.groovy.runtime.callsite.AbstractCallSite::callGroovyObjectGetProperty (33 bytes)
Event: 2502.295 Thread 0x00000203712cdd50 nmethod 17513 0x000002035c63d790 code [0x000002035c63d980, 0x000002035c63dd78]
Event: 2502.295 Thread 0x00000203712cdd50 17514   !   3       org.codehaus.groovy.runtime.InvokerHelper::write (227 bytes)
Event: 2502.298 Thread 0x00000203712cdd50 nmethod 17514 0x000002035c63df10 code [0x000002035c63e340, 0x000002035c640a18]
Event: 2502.299 Thread 0x00000203712cdd50 17515       1       groovy.lang.Closure::setResolveStrategy (6 bytes)
Event: 2502.299 Thread 0x00000203712cdd50 nmethod 17515 0x0000020362eba390 code [0x0000020362eba520, 0x0000020362eba5f8]
Event: 2502.306 Thread 0x00000203712a9e80 nmethod 17489 0x0000020362eba690 code [0x0000020362eba960, 0x0000020362ebc180]
Event: 2502.306 Thread 0x00000203712a9e80 17500       4       org.gradle.internal.instantiation.generator.DependencyInjectingInstantiator::newInstance (8 bytes)
Event: 2502.326 Thread 0x00000203712cdd50 17516       3       org.gradle.internal.metaobject.DynamicObjectUtil::asDynamicObject (38 bytes)
Event: 2502.326 Thread 0x00000203712cdd50 nmethod 17516 0x000002035b75d490 code [0x000002035b75d680, 0x000002035b75ddf8]
Event: 2502.336 Thread 0x00000203712a9e80 nmethod 17500 0x0000020362ebd290 code [0x0000020362ebd560, 0x0000020362ebedc0]
Event: 2502.336 Thread 0x00000203712a9e80 17492       4       java.io.DataOutputStream::writeInt (62 bytes)
Event: 2502.339 Thread 0x00000203712a9e80 nmethod 17492 0x0000020362ec0090 code [0x0000020362ec0220, 0x0000020362ec06b8]
Event: 2502.339 Thread 0x00000203712a9e80 17488       4       org.gradle.internal.snapshot.impl.IsolatedImmutableManagedValue::isolate (5 bytes)
Event: 2502.339 Thread 0x00000203712a9e80 nmethod 17488 0x0000020362ec0990 code [0x0000020362ec0b00, 0x0000020362ec0b78]
Event: 2502.339 Thread 0x00000203712a9e80 17506       4       org.gradle.api.internal.provider.AbstractProperty$FinalizationState::<init> (5 bytes)
Event: 2502.339 Thread 0x00000203712a9e80 nmethod 17506 0x0000020362ec0c90 code [0x0000020362ec0e00, 0x0000020362ec0e78]
Event: 2502.339 Thread 0x00000203712a9e80 17507       4       org.gradle.api.internal.provider.AbstractProperty$FinalizationState::<init> (5 bytes)
Event: 2502.339 Thread 0x00000203712a9e80 nmethod 17507 0x0000020362ec0f90 code [0x0000020362ec1100, 0x0000020362ec1178]

GC Heap History (20 events):
Event: 44.511 GC heap before
{Heap before GC invocations=67 (full 0):
 garbage-first heap   total 273408K, used 208745K [0x0000000080000000, 0x0000000100000000)
  region size 1024K, 75 young (76800K), 6 survivors (6144K)
 Metaspace       used 97975K, committed 99008K, reserved 557056K
  class space    used 13767K, committed 14272K, reserved 425984K
}
Event: 44.524 GC heap after
{Heap after GC invocations=68 (full 0):
 garbage-first heap   total 273408K, used 144657K [0x0000000080000000, 0x0000000100000000)
  region size 1024K, 10 young (10240K), 10 survivors (10240K)
 Metaspace       used 97975K, committed 99008K, reserved 557056K
  class space    used 13767K, committed 14272K, reserved 425984K
}
Event: 45.427 GC heap before
{Heap before GC invocations=68 (full 0):
 garbage-first heap   total 273408K, used 213265K [0x0000000080000000, 0x0000000100000000)
  region size 1024K, 78 young (79872K), 10 survivors (10240K)
 Metaspace       used 98575K, committed 99584K, reserved 557056K
  class space    used 13830K, committed 14336K, reserved 425984K
}
Event: 45.439 GC heap after
{Heap after GC invocations=69 (full 0):
 garbage-first heap   total 273408K, used 150597K [0x0000000080000000, 0x0000000100000000)
  region size 1024K, 6 young (6144K), 6 survivors (6144K)
 Metaspace       used 98575K, committed 99584K, reserved 557056K
  class space    used 13830K, committed 14336K, reserved 425984K
}
Event: 46.327 GC heap before
{Heap before GC invocations=69 (full 0):
 garbage-first heap   total 273408K, used 222277K [0x0000000080000000, 0x0000000100000000)
  region size 1024K, 72 young (73728K), 6 survivors (6144K)
 Metaspace       used 98681K, committed 99712K, reserved 557056K
  class space    used 13830K, committed 14336K, reserved 425984K
}
Event: 46.337 GC heap after
{Heap after GC invocations=70 (full 0):
 garbage-first heap   total 273408K, used 156337K [0x0000000080000000, 0x0000000100000000)
  region size 1024K, 6 young (6144K), 6 survivors (6144K)
 Metaspace       used 98681K, committed 99712K, reserved 557056K
  class space    used 13830K, committed 14336K, reserved 425984K
}
Event: 47.048 GC heap before
{Heap before GC invocations=70 (full 0):
 garbage-first heap   total 273408K, used 236209K [0x0000000080000000, 0x0000000100000000)
  region size 1024K, 69 young (70656K), 6 survivors (6144K)
 Metaspace       used 98973K, committed 99968K, reserved 557056K
  class space    used 13847K, committed 14336K, reserved 425984K
}
Event: 47.057 GC heap after
{Heap after GC invocations=71 (full 0):
 garbage-first heap   total 273408K, used 162125K [0x0000000080000000, 0x0000000100000000)
  region size 1024K, 9 young (9216K), 9 survivors (9216K)
 Metaspace       used 98973K, committed 99968K, reserved 557056K
  class space    used 13847K, committed 14336K, reserved 425984K
}
Event: 47.879 GC heap before
{Heap before GC invocations=71 (full 0):
 garbage-first heap   total 273408K, used 227661K [0x0000000080000000, 0x0000000100000000)
  region size 1024K, 70 young (71680K), 9 survivors (9216K)
 Metaspace       used 99126K, committed 100160K, reserved 557056K
  class space    used 13860K, committed 14336K, reserved 425984K
}
Event: 47.892 GC heap after
{Heap after GC invocations=72 (full 0):
 garbage-first heap   total 273408K, used 167325K [0x0000000080000000, 0x0000000100000000)
  region size 1024K, 6 young (6144K), 6 survivors (6144K)
 Metaspace       used 99126K, committed 100160K, reserved 557056K
  class space    used 13860K, committed 14336K, reserved 425984K
}
Event: 48.371 GC heap before
{Heap before GC invocations=72 (full 0):
 garbage-first heap   total 273408K, used 233885K [0x0000000080000000, 0x0000000100000000)
  region size 1024K, 64 young (65536K), 6 survivors (6144K)
 Metaspace       used 99382K, committed 100416K, reserved 557056K
  class space    used 13908K, committed 14400K, reserved 425984K
}
Event: 48.379 GC heap after
{Heap after GC invocations=73 (full 0):
 garbage-first heap   total 273408K, used 170925K [0x0000000080000000, 0x0000000100000000)
  region size 1024K, 4 young (4096K), 4 survivors (4096K)
 Metaspace       used 99382K, committed 100416K, reserved 557056K
  class space    used 13908K, committed 14400K, reserved 425984K
}
Event: 48.748 GC heap before
{Heap before GC invocations=73 (full 0):
 garbage-first heap   total 273408K, used 231341K [0x0000000080000000, 0x0000000100000000)
  region size 1024K, 60 young (61440K), 4 survivors (4096K)
 Metaspace       used 99422K, committed 100480K, reserved 557056K
  class space    used 13910K, committed 14400K, reserved 425984K
}
Event: 48.755 GC heap after
{Heap after GC invocations=74 (full 0):
 garbage-first heap   total 273408K, used 173698K [0x0000000080000000, 0x0000000100000000)
  region size 1024K, 7 young (7168K), 7 survivors (7168K)
 Metaspace       used 99422K, committed 100480K, reserved 557056K
  class space    used 13910K, committed 14400K, reserved 425984K
}
Event: 50.558 GC heap before
{Heap before GC invocations=74 (full 0):
 garbage-first heap   total 273408K, used 238210K [0x0000000080000000, 0x0000000100000000)
  region size 1024K, 62 young (63488K), 7 survivors (7168K)
 Metaspace       used 101523K, committed 102528K, reserved 557056K
  class space    used 14113K, committed 14592K, reserved 425984K
}
Event: 50.565 GC heap after
{Heap after GC invocations=75 (full 0):
 garbage-first heap   total 273408K, used 177451K [0x0000000080000000, 0x0000000100000000)
  region size 1024K, 7 young (7168K), 7 survivors (7168K)
 Metaspace       used 101523K, committed 102528K, reserved 557056K
  class space    used 14113K, committed 14592K, reserved 425984K
}
Event: 1658.334 GC heap before
{Heap before GC invocations=75 (full 0):
 garbage-first heap   total 273408K, used 230699K [0x0000000080000000, 0x0000000100000000)
  region size 1024K, 60 young (61440K), 7 survivors (7168K)
 Metaspace       used 102596K, committed 103744K, reserved 557056K
  class space    used 14231K, committed 14784K, reserved 425984K
}
Event: 1659.335 GC heap after
{Heap after GC invocations=76 (full 0):
 garbage-first heap   total 273408K, used 178759K [0x0000000080000000, 0x0000000100000000)
  region size 1024K, 6 young (6144K), 6 survivors (6144K)
 Metaspace       used 102596K, committed 103744K, reserved 557056K
  class space    used 14231K, committed 14784K, reserved 425984K
}
Event: 2497.958 GC heap before
{Heap before GC invocations=76 (full 0):
 garbage-first heap   total 273408K, used 227911K [0x0000000080000000, 0x0000000100000000)
  region size 1024K, 55 young (56320K), 6 survivors (6144K)
 Metaspace       used 102830K, committed 103872K, reserved 557056K
  class space    used 14242K, committed 14784K, reserved 425984K
}
Event: 2498.034 GC heap after
{Heap after GC invocations=77 (full 0):
 garbage-first heap   total 273408K, used 183572K [0x0000000080000000, 0x0000000100000000)
  region size 1024K, 6 young (6144K), 6 survivors (6144K)
 Metaspace       used 102830K, committed 103872K, reserved 557056K
  class space    used 14242K, committed 14784K, reserved 425984K
}

Dll operation events (14 events):
Event: 0.034 Loaded shared library C:\Program Files\Microsoft\jdk-17.0.8.7-hotspot\bin\java.dll
Event: 0.058 Loaded shared library C:\Program Files\Microsoft\jdk-17.0.8.7-hotspot\bin\jsvml.dll
Event: 0.123 Loaded shared library C:\Program Files\Microsoft\jdk-17.0.8.7-hotspot\bin\zip.dll
Event: 0.132 Loaded shared library C:\Program Files\Microsoft\jdk-17.0.8.7-hotspot\bin\instrument.dll
Event: 0.138 Loaded shared library C:\Program Files\Microsoft\jdk-17.0.8.7-hotspot\bin\net.dll
Event: 0.140 Loaded shared library C:\Program Files\Microsoft\jdk-17.0.8.7-hotspot\bin\nio.dll
Event: 0.143 Loaded shared library C:\Program Files\Microsoft\jdk-17.0.8.7-hotspot\bin\zip.dll
Event: 0.311 Loaded shared library C:\Program Files\Microsoft\jdk-17.0.8.7-hotspot\bin\jimage.dll
Event: 0.413 Loaded shared library C:\Program Files\Microsoft\jdk-17.0.8.7-hotspot\bin\verify.dll
Event: 0.687 Loaded shared library C:\Users\Admin\.gradle\native\68d5fa5c4cc2d200863cafc0d521ce42e7d3e7ee720ec0a83991735586a16f82\windows-amd64\native-platform.dll
Event: 0.762 Loaded shared library C:\Users\Admin\.gradle\native\e376f236ea51e6404a007f0833ffe2c6e607c4080706a723a18a27aeea778392\windows-amd64\native-platform-file-events.dll
Event: 2.244 Loaded shared library C:\Program Files\Microsoft\jdk-17.0.8.7-hotspot\bin\management.dll
Event: 2.247 Loaded shared library C:\Program Files\Microsoft\jdk-17.0.8.7-hotspot\bin\management_ext.dll
Event: 2.856 Loaded shared library C:\Program Files\Microsoft\jdk-17.0.8.7-hotspot\bin\sunmscapi.dll

Deoptimization events (20 events):
Event: 2497.776 Thread 0x000002037c900d00 DEOPT PACKING pc=0x00000203627f9314 sp=0x0000007a47df7f90
Event: 2497.776 Thread 0x000002037c900d00 DEOPT UNPACKING pc=0x0000020361ed69a3 sp=0x0000007a47df7f48 mode 2
Event: 2497.786 Thread 0x000002037c900d00 Uncommon trap: trap_request=0xffffffbe fr.pc=0x00000203627f9314 relative=0x0000000000000214
Event: 2497.786 Thread 0x000002037c900d00 Uncommon trap: reason=profile_predicate action=maybe_recompile pc=0x00000203627f9314 method=java.util.Collections.indexedBinarySearch(Ljava/util/List;Ljava/lang/Object;Ljava/util/Comparator;)I @ 15 c2
Event: 2497.786 Thread 0x000002037c900d00 DEOPT PACKING pc=0x00000203627f9314 sp=0x0000007a47df7f90
Event: 2497.786 Thread 0x000002037c900d00 DEOPT UNPACKING pc=0x0000020361ed69a3 sp=0x0000007a47df7f48 mode 2
Event: 2497.786 Thread 0x000002037c900d00 Uncommon trap: trap_request=0xffffffbe fr.pc=0x00000203627f9314 relative=0x0000000000000214
Event: 2497.786 Thread 0x000002037c900d00 Uncommon trap: reason=profile_predicate action=maybe_recompile pc=0x00000203627f9314 method=java.util.Collections.indexedBinarySearch(Ljava/util/List;Ljava/lang/Object;Ljava/util/Comparator;)I @ 15 c2
Event: 2497.786 Thread 0x000002037c900d00 DEOPT PACKING pc=0x00000203627f9314 sp=0x0000007a47df7f90
Event: 2497.786 Thread 0x000002037c900d00 DEOPT UNPACKING pc=0x0000020361ed69a3 sp=0x0000007a47df7f48 mode 2
Event: 2498.226 Thread 0x000002037cfd4a00 Uncommon trap: trap_request=0xffffffde fr.pc=0x00000203625822c0 relative=0x00000000000002a0
Event: 2498.226 Thread 0x000002037cfd4a00 Uncommon trap: reason=class_check action=maybe_recompile pc=0x00000203625822c0 method=java.util.concurrent.ConcurrentHashMap.get(Ljava/lang/Object;)Ljava/lang/Object; @ 93 c2
Event: 2498.226 Thread 0x000002037cfd5420 DEOPT PACKING pc=0x000002035ae8bdc9 sp=0x0000007a4c2fec20
Event: 2498.226 Thread 0x000002037c900d00 Uncommon trap: trap_request=0xffffffde fr.pc=0x00000203625822c0 relative=0x00000000000002a0
Event: 2498.226 Thread 0x000002037cfd4a00 DEOPT PACKING pc=0x00000203625822c0 sp=0x0000007a4bffebd0
Event: 2498.226 Thread 0x000002037c900d00 Uncommon trap: reason=class_check action=maybe_recompile pc=0x00000203625822c0 method=java.util.concurrent.ConcurrentHashMap.get(Ljava/lang/Object;)Ljava/lang/Object; @ 93 c2
Event: 2498.226 Thread 0x000002037c900d00 DEOPT PACKING pc=0x00000203625822c0 sp=0x0000007a47df8790
Event: 2498.226 Thread 0x000002037cfd5420 DEOPT UNPACKING pc=0x0000020361ed7143 sp=0x0000007a4c2fe130 mode 0
Event: 2498.226 Thread 0x000002037c900d00 DEOPT UNPACKING pc=0x0000020361ed69a3 sp=0x0000007a47df86e8 mode 2
Event: 2498.226 Thread 0x000002037cfd4a00 DEOPT UNPACKING pc=0x0000020361ed69a3 sp=0x0000007a4bffeb28 mode 2

Classes unloaded (0 events):
No events

Classes redefined (0 events):
No events

Internal exceptions (20 events):
Event: 2490.496 Thread 0x000002037c900d00 Implicit null exception at 0x0000020362d27b15 to 0x0000020362d2b02c
Event: 2491.443 Thread 0x000002037c900d00 Exception <a 'sun/nio/fs/WindowsException'{0x000000008f794518}> (0x000000008f794518) 
thrown [s\src\hotspot\share\prims\jni.cpp, line 516]
Event: 2491.450 Thread 0x000002037c900d00 Exception <a 'sun/nio/fs/WindowsException'{0x000000008f795a90}> (0x000000008f795a90) 
thrown [s\src\hotspot\share\prims\jni.cpp, line 516]
Event: 2491.452 Thread 0x000002037c900d00 Exception <a 'sun/nio/fs/WindowsException'{0x000000008f797008}> (0x000000008f797008) 
thrown [s\src\hotspot\share\prims\jni.cpp, line 516]
Event: 2491.454 Thread 0x000002037c900d00 Exception <a 'sun/nio/fs/WindowsException'{0x000000008f798560}> (0x000000008f798560) 
thrown [s\src\hotspot\share\prims\jni.cpp, line 516]
Event: 2495.590 Thread 0x000002037c900d00 Exception <a 'sun/nio/fs/WindowsException'{0x000000008f6b3728}> (0x000000008f6b3728) 
thrown [s\src\hotspot\share\prims\jni.cpp, line 516]
Event: 2495.591 Thread 0x000002037c900d00 Exception <a 'sun/nio/fs/WindowsException'{0x000000008f6b4f48}> (0x000000008f6b4f48) 
thrown [s\src\hotspot\share\prims\jni.cpp, line 516]
Event: 2495.591 Thread 0x000002037c900d00 Exception <a 'sun/nio/fs/WindowsException'{0x000000008f6b6768}> (0x000000008f6b6768) 
thrown [s\src\hotspot\share\prims\jni.cpp, line 516]
Event: 2495.592 Thread 0x000002037c900d00 Exception <a 'sun/nio/fs/WindowsException'{0x000000008f6b7f68}> (0x000000008f6b7f68) 
thrown [s\src\hotspot\share\prims\jni.cpp, line 516]
Event: 2496.395 Thread 0x000002037c900d00 Exception <a 'sun/nio/fs/WindowsException'{0x000000008eb492b8}> (0x000000008eb492b8) 
thrown [s\src\hotspot\share\prims\jni.cpp, line 516]
Event: 2496.395 Thread 0x000002037c900d00 Exception <a 'sun/nio/fs/WindowsException'{0x000000008eb49658}> (0x000000008eb49658) 
thrown [s\src\hotspot\share\prims\jni.cpp, line 516]
Event: 2496.395 Thread 0x000002037c900d00 Exception <a 'sun/nio/fs/WindowsException'{0x000000008eb4c690}> (0x000000008eb4c690) 
thrown [s\src\hotspot\share\prims\jni.cpp, line 516]
Event: 2496.395 Thread 0x000002037c900d00 Exception <a 'sun/nio/fs/WindowsException'{0x000000008eb4cb28}> (0x000000008eb4cb28) 
thrown [s\src\hotspot\share\prims\jni.cpp, line 516]
Event: 2496.397 Thread 0x000002037c900d00 Exception <a 'sun/nio/fs/WindowsException'{0x000000008eb51bf0}> (0x000000008eb51bf0) 
thrown [s\src\hotspot\share\prims\jni.cpp, line 516]
Event: 2496.397 Thread 0x000002037c900d00 Exception <a 'sun/nio/fs/WindowsException'{0x000000008eb52088}> (0x000000008eb52088) 
thrown [s\src\hotspot\share\prims\jni.cpp, line 516]
Event: 2498.194 Thread 0x000002037a322cf0 Exception <a 'sun/nio/fs/WindowsException'{0x00000000907ca960}> (0x00000000907ca960) 
thrown [s\src\hotspot\share\prims\jni.cpp, line 516]
Event: 2498.195 Thread 0x000002037a322cf0 Exception <a 'sun/nio/fs/WindowsException'{0x00000000907cd348}> (0x00000000907cd348) 
thrown [s\src\hotspot\share\prims\jni.cpp, line 516]
Event: 2498.195 Thread 0x000002037a322cf0 Exception <a 'sun/nio/fs/WindowsException'{0x00000000907cfa50}> (0x00000000907cfa50) 
thrown [s\src\hotspot\share\prims\jni.cpp, line 516]
Event: 2498.196 Thread 0x000002037a322cf0 Exception <a 'sun/nio/fs/WindowsException'{0x00000000907d1d80}> (0x00000000907d1d80) 
thrown [s\src\hotspot\share\prims\jni.cpp, line 516]
Event: 2498.509 Thread 0x000002037c900d00 Exception <a 'sun/nio/fs/WindowsException'{0x000000008fdd9218}> (0x000000008fdd9218) 
thrown [s\src\hotspot\share\prims\jni.cpp, line 516]

VM Operations (20 events):
Event: 2490.188 Executing VM operation: Cleanup
Event: 2490.188 Executing VM operation: Cleanup done
Event: 2491.194 Executing VM operation: Cleanup
Event: 2491.195 Executing VM operation: Cleanup done
Event: 2492.204 Executing VM operation: Cleanup
Event: 2492.204 Executing VM operation: Cleanup done
Event: 2496.244 Executing VM operation: Cleanup
Event: 2496.245 Executing VM operation: Cleanup done
Event: 2497.006 Executing VM operation: ICBufferFull
Event: 2497.006 Executing VM operation: ICBufferFull done
Event: 2497.958 Executing VM operation: G1CollectForAllocation
Event: 2498.034 Executing VM operation: G1CollectForAllocation done
Event: 2499.036 Executing VM operation: Cleanup
Event: 2499.036 Executing VM operation: Cleanup done
Event: 2502.054 Executing VM operation: HandshakeAllThreads
Event: 2502.063 Executing VM operation: HandshakeAllThreads done
Event: 2502.063 Executing VM operation: Cleanup
Event: 2502.063 Executing VM operation: Cleanup done
Event: 2502.292 Executing VM operation: ICBufferFull
Event: 2502.293 Executing VM operation: ICBufferFull done

Events (20 events):
Event: 2498.137 Thread 0x000002037a323200 Thread added: 0x000002037a323200
Event: 2498.139 Thread 0x000002037cfd3ad0 Thread added: 0x000002037cfd3ad0
Event: 2498.139 Thread 0x000002037cfd0320 Thread added: 0x000002037cfd0320
Event: 2498.141 Thread 0x000002037cfd6d70 Thread added: 0x000002037cfd6d70
Event: 2498.141 Thread 0x000002037cfd44f0 Thread added: 0x000002037cfd44f0
Event: 2498.157 Thread 0x000002037cfd1250 Thread added: 0x000002037cfd1250
Event: 2498.160 Thread 0x000002037cfd1c70 Thread added: 0x000002037cfd1c70
Event: 2498.224 Thread 0x000002037cfd4a00 Thread added: 0x000002037cfd4a00
Event: 2498.224 Thread 0x000002037cfd7280 Thread added: 0x000002037cfd7280
Event: 2498.225 Thread 0x000002037cfd4f10 Thread added: 0x000002037cfd4f10
Event: 2498.226 Thread 0x000002037cfd5420 Thread added: 0x000002037cfd5420
Event: 2498.226 Thread 0x000002037cfd5930 Thread added: 0x000002037cfd5930
Event: 2498.226 Thread 0x000002037cfd2180 Thread added: 0x000002037cfd2180
Event: 2498.226 Thread 0x000002037cfd0830 Thread added: 0x000002037cfd0830
Event: 2502.130 Thread 0x00000203712cee70 flushing nmethod 0x000002036269c310
Event: 2502.146 Thread 0x00000203712cee70 flushing nmethod 0x00000203627c8190
Event: 2502.146 Thread 0x00000203712cee70 flushing nmethod 0x00000203627c8e90
Event: 2502.233 Thread 0x000002037cfd2690 Thread added: 0x000002037cfd2690
Event: 2502.296 Thread 0x00000203712cee70 flushing nmethod 0x000002035b75af90
Event: 2502.336 Thread 0x00000203712cee70 flushing nmethod 0x000002035baa6810


Dynamic libraries:
0x00007ff782480000 - 0x00007ff78248e000 	C:\Program Files\Microsoft\jdk-17.0.8.7-hotspot\bin\java.exe
0x00007ffae1cd0000 - 0x00007ffae1ec8000 	C:\Windows\SYSTEM32\ntdll.dll
0x00007ffae0ce0000 - 0x00007ffae0d9d000 	C:\Windows\System32\KERNEL32.DLL
0x00007ffadfa30000 - 0x00007ffadfd26000 	C:\Windows\System32\KERNELBASE.dll
0x00007ffadf3e0000 - 0x00007ffadf4e0000 	C:\Windows\System32\ucrtbase.dll
0x00007ffaac5c0000 - 0x00007ffaac5d7000 	C:\Program Files\Microsoft\jdk-17.0.8.7-hotspot\bin\jli.dll
0x00007ffa96f80000 - 0x00007ffa96f9b000 	C:\Program Files\Microsoft\jdk-17.0.8.7-hotspot\bin\VCRUNTIME140.dll
0x00007ffae0e00000 - 0x00007ffae0f9e000 	C:\Windows\System32\USER32.dll
0x00007ffab0900000 - 0x00007ffab0b9a000 	C:\Windows\WinSxS\amd64_microsoft.windows.common-controls_6595b64144ccf1df_6.0.19041.3636_none_60b6a03d71f818d5\COMCTL32.dll
0x00007ffadf3b0000 - 0x00007ffadf3d2000 	C:\Windows\System32\win32u.dll
0x00007ffadff60000 - 0x00007ffadfffe000 	C:\Windows\System32\msvcrt.dll
0x00007ffae1910000 - 0x00007ffae193c000 	C:\Windows\System32\GDI32.dll
0x00007ffadf780000 - 0x00007ffadf89a000 	C:\Windows\System32\gdi32full.dll
0x00007ffadf510000 - 0x00007ffadf5ad000 	C:\Windows\System32\msvcp_win.dll
0x00007ffadfd30000 - 0x00007ffadfd60000 	C:\Windows\System32\IMM32.DLL
0x00007ffab0570000 - 0x00007ffab057c000 	C:\Program Files\Microsoft\jdk-17.0.8.7-hotspot\bin\vcruntime140_1.dll
0x00007ffa95640000 - 0x00007ffa956cd000 	C:\Program Files\Microsoft\jdk-17.0.8.7-hotspot\bin\msvcp140.dll
0x00007ffa6b0d0000 - 0x00007ffa6bd35000 	C:\Program Files\Microsoft\jdk-17.0.8.7-hotspot\bin\server\jvm.dll
0x00007ffae0b70000 - 0x00007ffae0c1f000 	C:\Windows\System32\ADVAPI32.dll
0x00007ffae1ab0000 - 0x00007ffae1b4c000 	C:\Windows\System32\sechost.dll
0x00007ffae1470000 - 0x00007ffae1596000 	C:\Windows\System32\RPCRT4.dll
0x00007ffaded20000 - 0x00007ffaded6b000 	C:\Windows\SYSTEM32\POWRPROF.dll
0x00007ffa96f70000 - 0x00007ffa96f79000 	C:\Windows\SYSTEM32\WSOCK32.dll
0x00007ffac4240000 - 0x00007ffac4267000 	C:\Windows\SYSTEM32\WINMM.dll
0x00007ffae1b50000 - 0x00007ffae1bbb000 	C:\Windows\System32\WS2_32.dll
0x00007ffacb630000 - 0x00007ffacb63a000 	C:\Windows\SYSTEM32\VERSION.dll
0x00007ffadebb0000 - 0x00007ffadebc2000 	C:\Windows\SYSTEM32\UMPDC.dll
0x00007ffadd2e0000 - 0x00007ffadd2f2000 	C:\Windows\SYSTEM32\kernel.appcore.dll
0x00007ffa96f60000 - 0x00007ffa96f6a000 	C:\Program Files\Microsoft\jdk-17.0.8.7-hotspot\bin\jimage.dll
0x00007ffad99e0000 - 0x00007ffad9bc4000 	C:\Windows\SYSTEM32\DBGHELP.DLL
0x00007ffaba6f0000 - 0x00007ffaba724000 	C:\Windows\SYSTEM32\dbgcore.DLL
0x00007ffadf9a0000 - 0x00007ffadfa22000 	C:\Windows\System32\bcryptPrimitives.dll
0x00007ffa7b7f0000 - 0x00007ffa7b7fe000 	C:\Program Files\Microsoft\jdk-17.0.8.7-hotspot\bin\instrument.dll
0x00007ffa96f30000 - 0x00007ffa96f55000 	C:\Program Files\Microsoft\jdk-17.0.8.7-hotspot\bin\java.dll
0x00007ffa7b850000 - 0x00007ffa7b927000 	C:\Program Files\Microsoft\jdk-17.0.8.7-hotspot\bin\jsvml.dll
0x00007ffae0270000 - 0x00007ffae09b5000 	C:\Windows\System32\SHELL32.dll
0x00007ffadd470000 - 0x00007ffaddc0b000 	C:\Windows\SYSTEM32\windows.storage.dll
0x00007ffae15a0000 - 0x00007ffae18f4000 	C:\Windows\System32\combase.dll
0x00007ffadedf0000 - 0x00007ffadee1d000 	C:\Windows\SYSTEM32\Wldp.dll
0x00007ffae0c20000 - 0x00007ffae0ccd000 	C:\Windows\System32\SHCORE.dll
0x00007ffae0da0000 - 0x00007ffae0df5000 	C:\Windows\System32\shlwapi.dll
0x00007ffadf2e0000 - 0x00007ffadf305000 	C:\Windows\SYSTEM32\profapi.dll
0x00007ffa95600000 - 0x00007ffa95618000 	C:\Program Files\Microsoft\jdk-17.0.8.7-hotspot\bin\zip.dll
0x00007ffa96f10000 - 0x00007ffa96f29000 	C:\Program Files\Microsoft\jdk-17.0.8.7-hotspot\bin\net.dll
0x00007ffad9bf0000 - 0x00007ffad9cfa000 	C:\Windows\SYSTEM32\WINHTTP.dll
0x00007ffadeae0000 - 0x00007ffadeb4a000 	C:\Windows\system32\mswsock.dll
0x00007ffa95620000 - 0x00007ffa95636000 	C:\Program Files\Microsoft\jdk-17.0.8.7-hotspot\bin\nio.dll
0x00007ffa955f0000 - 0x00007ffa95600000 	C:\Program Files\Microsoft\jdk-17.0.8.7-hotspot\bin\verify.dll
0x00007ffa7b820000 - 0x00007ffa7b847000 	C:\Users\Admin\.gradle\native\68d5fa5c4cc2d200863cafc0d521ce42e7d3e7ee720ec0a83991735586a16f82\windows-amd64\native-platform.dll
0x00007ffa6af80000 - 0x00007ffa6b0c4000 	C:\Users\Admin\.gradle\native\e376f236ea51e6404a007f0833ffe2c6e607c4080706a723a18a27aeea778392\windows-amd64\native-platform-file-events.dll
0x00007ffa7b810000 - 0x00007ffa7b819000 	C:\Program Files\Microsoft\jdk-17.0.8.7-hotspot\bin\management.dll
0x00007ffa7b800000 - 0x00007ffa7b80b000 	C:\Program Files\Microsoft\jdk-17.0.8.7-hotspot\bin\management_ext.dll
0x00007ffae1900000 - 0x00007ffae1908000 	C:\Windows\System32\PSAPI.DLL
0x00007ffadecf0000 - 0x00007ffaded08000 	C:\Windows\SYSTEM32\CRYPTSP.dll
0x00007ffade3b0000 - 0x00007ffade3e4000 	C:\Windows\system32\rsaenh.dll
0x00007ffadf4e0000 - 0x00007ffadf507000 	C:\Windows\System32\bcrypt.dll
0x00007ffadf2a0000 - 0x00007ffadf2ce000 	C:\Windows\SYSTEM32\USERENV.dll
0x00007ffaded10000 - 0x00007ffaded1c000 	C:\Windows\SYSTEM32\CRYPTBASE.dll
0x00007ffade7d0000 - 0x00007ffade80b000 	C:\Windows\SYSTEM32\IPHLPAPI.DLL
0x00007ffae0260000 - 0x00007ffae0268000 	C:\Windows\System32\NSI.dll
0x00007ffacf020000 - 0x00007ffacf037000 	C:\Windows\SYSTEM32\dhcpcsvc6.DLL
0x00007ffacf000000 - 0x00007ffacf01d000 	C:\Windows\SYSTEM32\dhcpcsvc.DLL
0x00007ffade810000 - 0x00007ffade8da000 	C:\Windows\SYSTEM32\DNSAPI.dll
0x00007ffa7b7e0000 - 0x00007ffa7b7ee000 	C:\Program Files\Microsoft\jdk-17.0.8.7-hotspot\bin\sunmscapi.dll
0x00007ffadf620000 - 0x00007ffadf77d000 	C:\Windows\System32\CRYPT32.dll
0x00007ffadee60000 - 0x00007ffadee87000 	C:\Windows\SYSTEM32\ncrypt.dll
0x00007ffadee20000 - 0x00007ffadee5b000 	C:\Windows\SYSTEM32\NTASN1.dll
0x00007ffa7b7d0000 - 0x00007ffa7b7d7000 	C:\Windows\system32\wshunix.dll
0x00007ffad8ce0000 - 0x00007ffad8cf7000 	C:\Windows\system32\napinsp.dll
0x00007ffa96010000 - 0x00007ffa9602b000 	C:\Windows\system32\pnrpnsp.dll
0x00007ffada1c0000 - 0x00007ffada1d5000 	C:\Windows\system32\wshbth.dll
0x00007ffadabd0000 - 0x00007ffadabed000 	C:\Windows\system32\NLAapi.dll
0x00007ffa95c30000 - 0x00007ffa95c42000 	C:\Windows\System32\winrnr.dll
0x00007ffaceff0000 - 0x00007ffaceffa000 	C:\Windows\System32\rasadhlp.dll
0x00007ffacdcb0000 - 0x00007ffacdd30000 	C:\Windows\System32\fwpuclnt.dll

dbghelp: loaded successfully - version: 4.0.5 - missing functions: none
symbol engine: initialized successfully - sym options: 0x614 - pdb path: .;C:\Program Files\Microsoft\jdk-17.0.8.7-hotspot\bin;C:\Windows\SYSTEM32;C:\Windows\WinSxS\amd64_microsoft.windows.common-controls_6595b64144ccf1df_6.0.19041.3636_none_60b6a03d71f818d5;C:\Program Files\Microsoft\jdk-17.0.8.7-hotspot\bin\server;C:\Users\Admin\.gradle\native\68d5fa5c4cc2d200863cafc0d521ce42e7d3e7ee720ec0a83991735586a16f82\windows-amd64;C:\Users\Admin\.gradle\native\e376f236ea51e6404a007f0833ffe2c6e607c4080706a723a18a27aeea778392\windows-amd64

VM Arguments:
jvm_args: -XX:MaxMetaspaceSize=512m --add-opens=java.base/java.util=ALL-UNNAMED --add-opens=java.base/java.lang=ALL-UNNAMED --add-opens=java.base/java.lang.invoke=ALL-UNNAMED --add-opens=java.prefs/java.util.prefs=ALL-UNNAMED --add-opens=java.base/java.nio.charset=ALL-UNNAMED --add-opens=java.base/java.net=ALL-UNNAMED --add-opens=java.base/java.util.concurrent.atomic=ALL-UNNAMED -Xmx2048m -Dfile.encoding=windows-1251 -Duser.country=US -Duser.language=en -Duser.variant -javaagent:C:\Users\Admin\.gradle\wrapper\dists\gradle-8.3-all\6en3ugtfdg5xnpx44z4qbwgas\gradle-8.3\lib\agents\gradle-instrumentation-agent-8.3.jar 
java_command: org.gradle.launcher.daemon.bootstrap.GradleDaemon 8.3
java_class_path (initial): C:\Users\Admin\.gradle\wrapper\dists\gradle-8.3-all\6en3ugtfdg5xnpx44z4qbwgas\gradle-8.3\lib\gradle-launcher-8.3.jar
Launcher Type: SUN_STANDARD

[Global flags]
     intx CICompilerCount                          = 4                                         {product} {ergonomic}
   size_t CompressedClassSpaceSize                 = 436207616                                 {product} {ergonomic}
     uint ConcGCThreads                            = 2                                         {product} {ergonomic}
     uint G1ConcRefinementThreads                  = 8                                         {product} {ergonomic}
   size_t G1HeapRegionSize                         = 1048576                                   {product} {ergonomic}
    uintx GCDrainStackTargetSize                   = 64                                        {product} {ergonomic}
   size_t InitialHeapSize                          = 132120576                                 {product} {ergonomic}
   size_t MarkStackSize                            = 4194304                                   {product} {ergonomic}
   size_t MaxHeapSize                              = 2147483648                                {product} {command line}
   size_t MaxMetaspaceSize                         = 536870912                                 {product} {command line}
   size_t MaxNewSize                               = 1287651328                                {product} {ergonomic}
   size_t MinHeapDeltaBytes                        = 1048576                                   {product} {ergonomic}
   size_t MinHeapSize                              = 8388608                                   {product} {ergonomic}
    uintx NonNMethodCodeHeapSize                   = 5839372                                {pd product} {ergonomic}
    uintx NonProfiledCodeHeapSize                  = 122909434                              {pd product} {ergonomic}
    uintx ProfiledCodeHeapSize                     = 122909434                              {pd product} {ergonomic}
    uintx ReservedCodeCacheSize                    = 251658240                              {pd product} {ergonomic}
     bool SegmentedCodeCache                       = true                                      {product} {ergonomic}
   size_t SoftMaxHeapSize                          = 2147483648                             {manageable} {ergonomic}
     bool UseCompressedClassPointers               = true                           {product lp64_product} {ergonomic}
     bool UseCompressedOops                        = true                           {product lp64_product} {ergonomic}
     bool UseG1GC                                  = true                                      {product} {ergonomic}
     bool UseLargePagesIndividualAllocation        = false                                  {pd product} {ergonomic}

Logging:
Log output configuration:
 #0: stdout all=warning uptime,level,tags
 #1: stderr all=off uptime,level,tags

Environment Variables:
JAVA_HOME=C:\Program Files\Microsoft\jdk-17.0.8.7-hotspot\
CLASSPATH=C:\Users\Admin\Desktop\My File\Genius\genius-react-native\Project\CRNP\android\\gradle\wrapper\gradle-wrapper.jar
PATH=C:\Users\Admin\Desktop\My File\Genius\genius-react-native\Project\CRNP\node_modules\.bin;C:\Users\Admin\Desktop\My File\Genius\genius-react-native\Project\CRNP\node_modules\.bin;C:\Users\Admin\Desktop\My File\Genius\genius-react-native\Project\node_modules\.bin;C:\Users\Admin\Desktop\My File\Genius\genius-react-native\node_modules\.bin;C:\Users\Admin\Desktop\My File\Genius\node_modules\.bin;C:\Users\Admin\Desktop\My File\node_modules\.bin;C:\Users\Admin\Desktop\node_modules\.bin;C:\Users\Admin\node_modules\.bin;C:\Users\node_modules\.bin;C:\node_modules\.bin;C:\Program Files\nodejs\node_modules\npm\node_modules\@npmcli\run-script\lib\node-gyp-bin;C:\Users\Admin\Desktop\My File\Genius\genius-react-native\Project\CRNP\node_modules\.bin;C:\Users\Admin\Desktop\My File\Genius\genius-react-native\Project\node_modules\.bin;C:\Users\Admin\Desktop\My File\Genius\genius-react-native\node_modules\.bin;C:\Users\Admin\Desktop\My File\Genius\node_modules\.bin;C:\Users\Admin\Desktop\My File\node_modules\.bin;C:\Users\Admin\Desktop\node_modules\.bin;C:\Users\Admin\node_modules\.bin;C:\Users\node_modules\.bin;C:\node_modules\.bin;C:\Program Files\nodejs\node_modules\npm\node_modules\@npmcli\run-script\lib\node-gyp-bin;C:\Program Files\Microsoft\jdk-17.0.8.7-hotspot\bin;C:\Python311\Scripts\;C:\Python311\;C:\Windows\system32;C:\Windows;C:\Windows\System32\Wbem;C:\Windows\System32\WindowsPowerShell\v1.0\;C:\Windows\System32\OpenSSH\;C:\ProgramData\chocolatey\bin;C:\Program Files\dotnet\;C:\Users\Admin\AppData\Local\Android\Sdk\platform-tools;C:\Program Files\nodejs\;C:\Program Files\Git\cmd;C:\Users\Admin\AppData\Local\Microsoft\WindowsApps;C:\Users\Admin\AppData\Local\Programs\Microsoft VS Code\bin;C:\Program Files\JetBrains\PyCharm 2023.2.3\bin;;C:\Users\Admin\AppData\Roaming\npm
USERNAME=Admin
LANG=ru_RU.UTF-8
OS=Windows_NT
PROCESSOR_IDENTIFIER=Intel64 Family 6 Model 142 Stepping 12, GenuineIntel
TMP=C:\Users\Admin\AppData\Local\Temp
TEMP=C:\Users\Admin\AppData\Local\Temp



---------------  S Y S T E M  ---------------

OS:
 Windows 10 , 64 bit Build 19041 (10.0.19041.3636)
OS uptime: 0 days 0:44 hours

CPU: total 8 (initial active 8) (4 cores per cpu, 2 threads per core) family 6 model 142 stepping 12 microcode 0xf0, cx8, cmov, fxsr, ht, mmx, 3dnowpref, sse, sse2, sse3, ssse3, sse4.1, sse4.2, popcnt, lzcnt, tsc, tscinvbit, avx, avx2, aes, erms, clmul, bmi1, bmi2, adx, fma, vzeroupper, clflush, clflushopt
Processor Information for all 8 processors :
  Max Mhz: 1896, Current Mhz: 1596, Mhz Limit: 1592

Memory: 4k page, system-wide physical 7966M (429M free)
TotalPageFile size 16670M (AvailPageFile size 5967M)
current process WorkingSet (physical memory assigned to process): 317M, peak: 498M
current process commit charge ("private bytes"): 610M, peak: 633M

vm_info: OpenJDK 64-Bit Server VM (17.0.8+7-LTS) for windows-amd64 JRE (17.0.8+7-LTS), built on Jul  7 2023 17:21:55 by "MicrosoftCorporation" with MS VC++ 16.10 / 16.11 (VS2019)

END.
